Copyright 1986-2022 Xilinx, Inc. All Rights Reserved. Copyright 2022-2026 Advanced Micro Devices, Inc. All Rights Reserved.
---------------------------------------------------------------------------------------------------------------------------------------------
| Tool Version : Vivado v.2025.2.1 (win64) Build 6403652 Thu Mar 19 19:48:24 GMT 2026
| Date         : Sun Apr 12 22:14:17 2026
| Host         : DESKTOP-16QCK7N running 64-bit major release  (build 9200)
| Command      : report_timing_summary -file synth_timing.rpt
| Design       : conv_simple
| Device       : 7z020-clg484
| Speed File   : -1  PRODUCTION 1.12 2019-11-22
| Design State : Synthesized
---------------------------------------------------------------------------------------------------------------------------------------------

Timing Summary Report

------------------------------------------------------------------------------------------------
| Timer Settings
| --------------
------------------------------------------------------------------------------------------------

  Enable Multi Corner Analysis               :  Yes
  Enable Pessimism Removal                   :  Yes
  Pessimism Removal Resolution               :  Nearest Common Node
  Enable Input Delay Default Clock           :  No
  Enable Preset / Clear Arcs                 :  No
  Disable Flight Delays                      :  No
  Ignore I/O Paths                           :  No
  Timing Early Launch at Borrowing Latches   :  No
  Borrow Time for Max Delay Exceptions       :  Yes
  Merge Timing Exceptions                    :  Yes
  Inter-SLR Compensation                     :  Conservative

  Corner  Analyze    Analyze    
  Name    Max Paths  Min Paths  
  ------  ---------  ---------  
  Slow    Yes        Yes        
  Fast    Yes        Yes        


------------------------------------------------------------------------------------------------
| Report Methodology
| ------------------
------------------------------------------------------------------------------------------------

No report available as report_methodology has not been run prior. Run report_methodology on the current design for the summary of methodology violations.



check_timing report

Table of Contents
-----------------
1. checking no_clock (0)
2. checking constant_clock (0)
3. checking pulse_width_clock (0)
4. checking unconstrained_internal_endpoints (0)
5. checking no_input_delay (171)
6. checking no_output_delay (69)
7. checking multiple_clock (0)
8. checking generated_clocks (0)
9. checking loops (0)
10. checking partial_input_delay (0)
11. checking partial_output_delay (0)
12. checking latch_loops (0)

1. checking no_clock (0)
------------------------
 There are 0 register/latch pins with no clock.


2. checking constant_clock (0)
------------------------------
 There are 0 register/latch pins with constant_clock.


3. checking pulse_width_clock (0)
---------------------------------
 There are 0 register/latch pins which need pulse_width check


4. checking unconstrained_internal_endpoints (0)
------------------------------------------------
 There are 0 pins that are not constrained for maximum delay.

 There are 0 pins that are not constrained for maximum delay due to constant clock.


5. checking no_input_delay (171)
--------------------------------
 There are 171 input ports with no input delay specified. (HIGH)

 There are 0 input ports with no input delay but user has a false path constraint.


6. checking no_output_delay (69)
--------------------------------
 There are 69 ports with no output delay specified. (HIGH)

 There are 0 ports with no output delay but user has a false path constraint

 There are 0 ports with no output delay but with a timing clock defined on it or propagating through it


7. checking multiple_clock (0)
------------------------------
 There are 0 register/latch pins with multiple clocks.


8. checking generated_clocks (0)
--------------------------------
 There are 0 generated clocks that are not connected to a clock source.


9. checking loops (0)
---------------------
 There are 0 combinational loops in the design.


10. checking partial_input_delay (0)
------------------------------------
 There are 0 input ports with partial input delay specified.


11. checking partial_output_delay (0)
-------------------------------------
 There are 0 ports with partial output delay specified.


12. checking latch_loops (0)
----------------------------
 There are 0 combinational latch loops in the design through latch input



------------------------------------------------------------------------------------------------
| Design Timing Summary
| ---------------------
------------------------------------------------------------------------------------------------

    WNS(ns)      TNS(ns)  TNS Failing Endpoints  TNS Total Endpoints      WHS(ns)      THS(ns)  THS Failing Endpoints  THS Total Endpoints     WPWS(ns)     TPWS(ns)  TPWS Failing Endpoints  TPWS Total Endpoints  
    -------      -------  ---------------------  -------------------      -------      -------  ---------------------  -------------------     --------     --------  ----------------------  --------------------  
      2.084        0.000                      0                10610        0.074        0.000                      0                10610        4.020        0.000                       0                  5935  


All user specified timing constraints are met.


------------------------------------------------------------------------------------------------
| Clock Summary
| -------------
------------------------------------------------------------------------------------------------

Clock  Waveform(ns)       Period(ns)      Frequency(MHz)
-----  ------------       ----------      --------------
clk    {0.000 5.000}      10.000          100.000         


------------------------------------------------------------------------------------------------
| Intra Clock Table
| -----------------
------------------------------------------------------------------------------------------------

Clock             WNS(ns)      TNS(ns)  TNS Failing Endpoints  TNS Total Endpoints      WHS(ns)      THS(ns)  THS Failing Endpoints  THS Total Endpoints     WPWS(ns)     TPWS(ns)  TPWS Failing Endpoints  TPWS Total Endpoints  
-----             -------      -------  ---------------------  -------------------      -------      -------  ---------------------  -------------------     --------     --------  ----------------------  --------------------  
clk                 2.084        0.000                      0                10610        0.074        0.000                      0                10610        4.020        0.000                       0                  5935  


------------------------------------------------------------------------------------------------
| Inter Clock Table
| -----------------
------------------------------------------------------------------------------------------------

From Clock    To Clock          WNS(ns)      TNS(ns)  TNS Failing Endpoints  TNS Total Endpoints      WHS(ns)      THS(ns)  THS Failing Endpoints  THS Total Endpoints  
----------    --------          -------      -------  ---------------------  -------------------      -------      -------  ---------------------  -------------------  


------------------------------------------------------------------------------------------------
| Other Path Groups Table
| -----------------------
------------------------------------------------------------------------------------------------

Path Group    From Clock    To Clock          WNS(ns)      TNS(ns)  TNS Failing Endpoints  TNS Total Endpoints      WHS(ns)      THS(ns)  THS Failing Endpoints  THS Total Endpoints  
----------    ----------    --------          -------      -------  ---------------------  -------------------      -------      -------  ---------------------  -------------------  


------------------------------------------------------------------------------------------------
| Timing Details
| --------------
------------------------------------------------------------------------------------------------


---------------------------------------------------------------------------------------------------
From Clock:  clk
  To Clock:  clk

Setup :            0  Failing Endpoints,  Worst Slack        2.084ns,  Total Violation        0.000ns
Hold  :            0  Failing Endpoints,  Worst Slack        0.074ns,  Total Violation        0.000ns
PW    :            0  Failing Endpoints,  Worst Slack        4.020ns,  Total Violation        0.000ns
---------------------------------------------------------------------------------------------------


Max Delay Paths
--------------------------------------------------------------------------------------
Slack (MET) :             2.084ns  (required time - arrival time)
  Source:                 rq_out_addr2/CLK
                            (rising edge-triggered cell DSP48E1 clocked by clk  {rise@0.000ns fall@5.000ns period=10.000ns})
  Destination:            rq_out_addr0/C[0]
                            (rising edge-triggered cell DSP48E1 clocked by clk  {rise@0.000ns fall@5.000ns period=10.000ns})
  Path Group:             clk
  Path Type:              Setup (Max at Slow Process Corner)
  Requirement:            10.000ns  (clk rise@10.000ns - clk rise@0.000ns)
  Data Path Delay:        7.502ns  (logic 5.848ns (77.948%)  route 1.654ns (22.052%))
  Logic Levels:           2  (DSP48E1=1 LUT3=1)
  Clock Path Skew:        -0.145ns (DCD - SCD + CPR)
    Destination Clock Delay (DCD):    2.078ns = ( 12.078 - 10.000 ) 
    Source Clock Delay      (SCD):    2.406ns
    Clock Pessimism Removal (CPR):    0.183ns
  Clock Uncertainty:      0.035ns  ((TSJ^2 + TIJ^2)^1/2 + DJ) / 2 + PE
    Total System Jitter     (TSJ):    0.071ns
    Total Input Jitter      (TIJ):    0.000ns
    Discrete Jitter          (DJ):    0.000ns
    Phase Error              (PE):    0.000ns

    Location             Delay type                Incr(ns)  Path(ns)    Netlist Resource(s)
  -------------------------------------------------------------------    -------------------
                         (clock clk rise edge)        0.000     0.000 r  
                                                      0.000     0.000 r  clk (IN)
                         net (fo=0)                   0.000     0.000    clk
                         IBUF (Prop_ibuf_I_O)         0.921     0.921 r  clk_IBUF_inst/O
                         net (fo=1, unplaced)         0.800     1.721    clk_IBUF
                         BUFG (Prop_bufg_I_O)         0.101     1.822 r  clk_IBUF_BUFG_inst/O
                         net (fo=5938, unplaced)      0.584     2.406    clk_IBUF_BUFG
                         DSP48E1                                      r  rq_out_addr2/CLK
  -------------------------------------------------------------------    -------------------
                         DSP48E1 (Prop_dsp48e1_CLK_PCOUT[47])
                                                      4.206     6.612 r  rq_out_addr2/PCOUT[47]
                         net (fo=1, unplaced)         0.055     6.667    rq_out_addr2_n_106
                         DSP48E1 (Prop_dsp48e1_PCIN[47]_P[0])
                                                      1.518     8.185 r  rq_out_addr0__0/P[0]
                         net (fo=1, unplaced)         0.800     8.985    rq_out_addr0__0_n_105
                         LUT3 (Prop_lut3_I0_O)        0.124     9.109 r  rq_out_addr0_i_17/O
                         net (fo=2, unplaced)         0.800     9.909    rq_out_addr0_i_17_n_0
                         DSP48E1                                      r  rq_out_addr0/C[0]
  -------------------------------------------------------------------    -------------------

                         (clock clk rise edge)       10.000    10.000 r  
                                                      0.000    10.000 r  clk (IN)
                         net (fo=0)                   0.000    10.000    clk
                         IBUF (Prop_ibuf_I_O)         0.788    10.788 r  clk_IBUF_inst/O
                         net (fo=1, unplaced)         0.760    11.548    clk_IBUF
                         BUFG (Prop_bufg_I_O)         0.091    11.639 r  clk_IBUF_BUFG_inst/O
                         net (fo=5938, unplaced)      0.439    12.078    clk_IBUF_BUFG
                         DSP48E1                                      r  rq_out_addr0/CLK
                         clock pessimism              0.183    12.261    
                         clock uncertainty           -0.035    12.226    
                         DSP48E1 (Setup_dsp48e1_CLK_C[0])
                                                     -0.233    11.993    rq_out_addr0
  -------------------------------------------------------------------
                         required time                         11.993    
                         arrival time                          -9.909    
  -------------------------------------------------------------------
                         slack                                  2.084    





Min Delay Paths
--------------------------------------------------------------------------------------
Slack (MET) :             0.074ns  (arrival time - required time)
  Source:                 ic_wt_off_reg[0]/C
                            (rising edge-triggered cell FDRE clocked by clk  {rise@0.000ns fall@5.000ns period=10.000ns})
  Destination:            ic_wt_off_reg[1]/D
                            (rising edge-triggered cell FDRE clocked by clk  {rise@0.000ns fall@5.000ns period=10.000ns})
  Path Group:             clk
  Path Type:              Hold (Min at Fast Process Corner)
  Requirement:            0.000ns  (clk rise@0.000ns - clk rise@0.000ns)
  Data Path Delay:        0.332ns  (logic 0.239ns (72.046%)  route 0.093ns (27.954%))
  Logic Levels:           1  (CARRY4=1)
  Clock Path Skew:        0.145ns (DCD - SCD - CPR)
    Destination Clock Delay (DCD):    0.982ns
    Source Clock Delay      (SCD):    0.628ns
    Clock Pessimism Removal (CPR):    0.209ns

    Location             Delay type                Incr(ns)  Path(ns)    Netlist Resource(s)
  -------------------------------------------------------------------    -------------------
                         (clock clk rise edge)        0.000     0.000 r  
                                                      0.000     0.000 r  clk (IN)
                         net (fo=0)                   0.000     0.000    clk
                         IBUF (Prop_ibuf_I_O)         0.151     0.151 r  clk_IBUF_inst/O
                         net (fo=1, unplaced)         0.337     0.488    clk_IBUF
                         BUFG (Prop_bufg_I_O)         0.026     0.514 r  clk_IBUF_BUFG_inst/O
                         net (fo=5938, unplaced)      0.114     0.628    clk_IBUF_BUFG
                         FDRE                                         r  ic_wt_off_reg[0]/C
  -------------------------------------------------------------------    -------------------
                         FDRE (Prop_fdre_C_Q)         0.147     0.775 r  ic_wt_off_reg[0]/Q
                         net (fo=5, unplaced)         0.093     0.868    ic_wt_off_reg_n_0_[0]
                         CARRY4 (Prop_carry4_DI[0]_O[1])
                                                      0.092     0.960 r  ic_wt_off_reg[3]_i_1/O[1]
                         net (fo=1, unplaced)         0.000     0.960    ic_wt_off0[1]
                         FDRE                                         r  ic_wt_off_reg[1]/D
  -------------------------------------------------------------------    -------------------

                         (clock clk rise edge)        0.000     0.000 r  
                                                      0.000     0.000 r  clk (IN)
                         net (fo=0)                   0.000     0.000    clk
                         IBUF (Prop_ibuf_I_O)         0.339     0.339 r  clk_IBUF_inst/O
                         net (fo=1, unplaced)         0.355     0.694    clk_IBUF
                         BUFG (Prop_bufg_I_O)         0.029     0.723 r  clk_IBUF_BUFG_inst/O
                         net (fo=5938, unplaced)      0.259     0.982    clk_IBUF_BUFG
                         FDRE                                         r  ic_wt_off_reg[1]/C
                         clock pessimism             -0.209     0.773    
                         FDRE (Hold_fdre_C_D)         0.113     0.886    ic_wt_off_reg[1]
  -------------------------------------------------------------------
                         required time                         -0.886    
                         arrival time                           0.960    
  -------------------------------------------------------------------
                         slack                                  0.074    





Pulse Width Checks
--------------------------------------------------------------------------------------
Clock Name:         clk
Waveform(ns):       { 0.000 5.000 }
Period(ns):         10.000
Sources:            { clk }

Check Type        Corner  Lib Pin      Reference Pin  Required(ns)  Actual(ns)  Slack(ns)  Location  Pin
Min Period        n/a     DSP48E1/CLK  n/a            3.884         10.000      6.116                ARG/CLK
Low Pulse Width   Slow    SRL16E/CLK   n/a            0.980         5.000       4.020                u_rq/mp_n_reg[2][0]_srl3___u_rq_mp_valid_reg_r_0/CLK
High Pulse Width  Slow    SRL16E/CLK   n/a            0.980         5.000       4.020                u_rq/mp_n_reg[2][0]_srl3___u_rq_mp_valid_reg_r_0/CLK



