#-----------------------------------------------------------
# xsim v2025.2 (64-bit)
# SW Build 6299465 on Fri Nov 14 19:35:11 GMT 2025
# IP Build 6300035 on Fri Nov 14 10:48:45 MST 2025
# SharedData Build 6298862 on Thu Nov 13 04:50:51 MST 2025
# Start of session at: Fri Apr 17 22:27:36 2026
# Process ID         : 1232
# Current directory  : C:/project/vivado/P_30_A/sim
# Command line       : xsim.exe -mode tcl -source {xsim.dir/conv_v4_L4_tb_snap/xsim_script.tcl}
# Log file           : C:/project/vivado/P_30_A/sim/xsim.log
# Journal file       : C:/project/vivado/P_30_A/sim\xsim.jou
# Running On         : DESKTOP-6J3HG3R
# Platform           : Windows Server 2016 or Windows 10
# Operating System   : 19045
# Processor Detail   : Intel(R) Core(TM) i5-10300H CPU @ 2.50GHz
# CPU Frequency      : 2496 MHz
# CPU Physical cores : 4
# CPU Logical cores  : 8
# Host memory        : 16940 MB
# Swap memory        : 27058 MB
# Total Virtual      : 43998 MB
# Available Virtual  : 11699 MB
#-----------------------------------------------------------
source xsim.dir/conv_v4_L4_tb_snap/xsim_script.tcl
# xsim {conv_v4_L4_tb_snap} -autoloadwcfg -tclbatch {C:/project/vivado/P_30_A/sim/run_conv_v4_L4_tb.tcl}
Time resolution is 1 ps
source C:/project/vivado/P_30_A/sim/run_conv_v4_L4_tb.tcl
## run all
Info: [XPM_MEMORY 20-2] MEMORY_INIT_FILE (none), MEMORY_INIT_PARAM together specify no memory initialization. Initial memory contents will be all 0's. conv_v4_L4_tb.u_dut.xpm_wb_ram.xpm_memory_base_inst.config_drc  0
Time: 1 ps  Iteration: 0  Process: /conv_v4_L4_tb/u_dut/xpm_wb_ram/xpm_memory_base_inst/Initial310_0  Scope: conv_v4_L4_tb.u_dut.xpm_wb_ram.xpm_memory_base_inst.config_drc  File: C:\AMDDesignTools\2025.2\Vivado\data/ip/xpm/xpm_memory/hdl/xpm_memory.sv Line: 524
Note: RESNote: RESULT: 256/256 OK, 0 mismatches
Time: 3836225 ns  Iteration: 0  Process: /conv_v4_L10_tb/p_stim  File: C:/project/vivado/P_30_A/sim/auto_L10_tb.vhd
Failure: END
Time: 3836325 ns  Iteration: 0  Process: /conv_v4_L10_tb/p_stim  File: C:/project/vivado/P_30_A/sim/auto_L10_tb.vhd
$finish called at time : 3836325 ns : File "C:/project/vivado/P_30_A/sim/auto_L10_tb.vhd" Line 130
run: Time (s): cpu = 00:00:01 ; elapsed = 00:00:18 . Memory (MB): peak = 226.508 ; gain = 0.000
## quit
INFO: xsimkernel Simulation Memory Usage: 9952 KB (Peak: 9952 KB), Simulation CPU Usage: 17015 ms
INFO: [Common 17-206] Exiting xsim at Fri Apr 17 22:27:45 2026...
