#-----------------------------------------------------------
# xsim v2025.2 (64-bit)
# SW Build 6299465 on Fri Nov 14 19:35:11 GMT 2025
# IP Build 6300035 on Fri Nov 14 10:48:45 MST 2025
# SharedData Build 6298862 on Thu Nov 13 04:50:51 MST 2025
# Start of session at: Fri Apr 17 18:07:25 2026
# Process ID         : 11708
# Current directory  : C:/project/vivado/P_30_A/sim
# Command line       : xsim.exe -mode tcl -source {xsim.dir/v4_layer0_snap/xsim_script.tcl}
# Log file           : C:/project/vivado/P_30_A/sim/xsim.log
# Journal file       : C:/project/vivado/P_30_A/sim\xsim.jou
# Running On         : DESKTOP-6J3HG3R
# Platform           : Windows Server 2016 or Windows 10
# Operating System   : 19045
# Processor Detail   : Intel(R) Core(TM) i5-10300H CPU @ 2.50GHz
# CPU Frequency      : 2496 MHz
# CPU Physical cores : 4
# CPU Logical cores  : 8
# Host memory        : 16940 MB
# Swap memory        : 23932 MB
# Total Virtual      : 40873 MB
# Available Virtual  : 13182 MB
#-----------------------------------------------------------
source xsim.dir/v4_layer0_snap/xsim_script.tcl
# xsim {v4_layer0_snap} -autoloadwcfg -tclbatch {run_v4_l0.tcl}
Time resolution is 1 ps
source run_v4_l0.tcl
## run all
Failure: Cannot open: ../host/xsim_vectors/input_4x4x3_nchw.hex
Time: 50 ns  Iteration: 0  Process: /conv_engine_v4_layer0_tb/p_stim  File: C:/project/vivado/P_30_A/sim/conv_v4_layer0_tb.vhd
$finish called at time : 50 ns : File "C:/project/vivado/P_30_A/sim/conv_v4_layer0_tb.vhd" Line 195
## quit
INFO: [Common 17-206] Exiting xsim at Fri Apr 17 18:07:27 2026...
