#-----------------------------------------------------------
# xsim v2025.2 (64-bit)
# SW Build 6299465 on Fri Nov 14 19:35:11 GMT 2025
# IP Build 6300035 on Fri Nov 14 10:48:45 MST 2025
# SharedData Build 6298862 on Thu Nov 13 04:50:51 MST 2025
# Start of session at: Fri Apr 17 22:07:28 2026
# Process ID         : 17700
# Current directory  : C:/project/vivado/P_30_A/sim
# Command line       : xsim.exe -mode tcl -source {xsim.dir/layer4_snap/xsim_script.tcl}
# Log file           : C:/project/vivado/P_30_A/sim/xsim.log
# Journal file       : C:/project/vivado/P_30_A/sim\xsim.jou
# Running On         : DESKTOP-6J3HG3R
# Platform           : Windows Server 2016 or Windows 10
# Operating System   : 19045
# Processor Detail   : Intel(R) Core(TM) i5-10300H CPU @ 2.50GHz
# CPU Frequency      : 2496 MHz
# CPU Physical cores : 4
# CPU Logical cores  : 8
# Host memory        : 16940 MB
# Swap memory        : 27058 MB
# Total Virtual      : 43998 MB
# Available Virtual  : 15660 MB
#-----------------------------------------------------------
source xsim.dir/layer4_snap/xsim_script.tcl
# xsim {layer4_snap} -autoloadwcfg -tclbatch {run_l4.tcl}
Time resolution is 1 ps
source run_l4.tcl
## run all
Info: [XPM_MEMORY 20-2] MEMORY_INIT_FILE (none), MEMORY_INIT_PARAM together specify no memory initialization. Initial memory contents will be all 0's. conv_v4_layer4_tb.u_dut.xpm_wb_ram.xpm_memory_base_inst.config_drc  0
Time: 1 ps  Iteration: 0  Process: /conv_v4_layer4_tb/u_dut/xpm_wb_ram/xpm_memory_base_inst/Initial310_0  Scope: conv_v4_layer4_tb.u_dut.xpm_wb_ram.xpm_memory_base_inst.config_drc  File: C:\AMDDesignTools\2025.2\Vivado\data/ip/xpm/xpm_memory/hdl/xpm_memory.sv Line: 524
Note: Loaded 1024 B from ../sim/vectors_layer4/input_nchw.hex
Time: 50 ns  Iteration: 0  Process: /conv_v4_layer4_tb/p_stim  File: C:/project/vivado/P_30_A/sim/conv_v4_layer4_tb.vhd
Note: Loaded 4096 B from ../sim/vectors_layer4/weights_ohwi.hex
Time: 50 ns  Iteration: 0  Process: /conv_v4_layer4_tb/p_stim  File: C:/project/vivado/P_30_A/sim/conv_v4_layer4_tb.vhd
Note: Loaded 256 B from ../sim/vectors_layer4/bias_int32.hex
Time: 50 ns  Iteration: 0  Process: /conv_v4_layer4_tb/p_stim  File: C:/project/vivado/P_30_A/sim/conv_v4_layer4_tb.vhd
Note: === Starting conv_engine_v4 layer 4: c_in=64 c_out=64 k=1 stride=1 pad=0 ===
Time: 120 ns  Iteration: 0  Process: /conv_v4_layer4_tb/p_stim  File: C:/project/vivado/P_30_A/sim/conv_v4_layer4_tb.vhd
Note: [mon] t= state=21 oh=0 ow=0 oc_tb=0 busy='1'
Time: 50 us  Iteration: 0  Process: /conv_v4_layer4_tb/p_mon  File: C:/project/vivado/P_30_A/sim/conv_v4_layer4_tb.vhd
Note: [mon] t= state=24 oh=0 ow=0 oc_tb=0 busy='1'
Time: 100 us  Iteration: 0  Process: /conv_v4_layer4_tb/p_mon  File: C:/project/vivado/P_30_A/sim/conv_v4_layer4_tb.vhd
Note: [wr 1] addr=0x0000000 data=0x47
Time: 109895 ns  Iteration: 0  Process: /conv_v4_layer4_tb/p_wr_mon  File: C:/project/vivado/P_30_A/sim/conv_v4_layer4_tb.vhd
Note: [wr 2] addr=0x0000010 data=0x06
Time: 109995 ns  Iteration: 0  Process: /conv_v4_layer4_tb/p_wr_mon  File: C:/project/vivado/P_30_A/sim/conv_v4_layer4_tb.vhd
Note: [wr 3] addr=0x0000020 data=0xE8
Time: 110095 ns  Iteration: 0  Process: /conv_v4_layer4_tb/p_wr_mon  File: C:/project/vivado/P_30_A/sim/conv_v4_layer4_tb.vhd
Note: [wr 4] addr=0x0000030 data=0x10
Time: 110195 ns  Iteration: 0  Process: /conv_v4_layer4_tb/p_wr_mon  File: C:/project/vivado/P_30_A/sim/conv_v4_layer4_tb.vhd
Note: [wr 5] addr=0x0000040 data=0x1B
Time: 110295 ns  Iteration: 0  Process: /conv_v4_layer4_tb/p_wr_mon  File: C:/project/vivado/P_30_A/sim/conv_v4_layer4_tb.vhd
Note: [wr 6] addr=0x0000050 data=0x3B
Time: 110395 ns  Iteration: 0  Process: /conv_v4_layer4_tb/p_wr_mon  File: C:/project/vivado/P_30_A/sim/conv_v4_layer4_tb.vhd
Note: [wr 7] addr=0x0000060 data=0xD1
Time: 110495 ns  Iteration: 0  Process: /conv_v4_layer4_tb/p_wr_mon  File: C:/project/vivado/P_30_A/sim/conv_v4_layer4_tb.vhd
Note: [wr 8] addr=0x0000070 data=0xF9
Time: 110595 ns  Iteration: 0  Process: /conv_v4_layer4_tb/p_wr_mon  File: C:/project/vivado/P_30_A/sim/conv_v4_layer4_tb.vhd
Note: [wr 9] addr=0x0000080 data=0xEF
Time: 110695 ns  Iteration: 0  Process: /conv_v4_layer4_tb/p_wr_mon  File: C:/project/vivado/P_30_A/sim/conv_v4_layer4_tb.vhd
Note: [wr 10] addr=0x0000090 data=0xFF
Time: 110795 ns  Iteration: 0  Process: /conv_v4_layer4_tb/p_wr_mon  File: C:/project/vivado/P_30_A/sim/conv_v4_layer4_tb.vhd
Note: [wr 11] addr=0x00000A0 data=0xF3
Time: 110895 ns  Iteration: 0  Process: /conv_v4_layer4_tb/p_wr_mon  File: C:/project/vivado/P_30_A/sim/conv_v4_layer4_tb.vhd
Note: [wr 12] addr=0x00000B0 data=0x03
Time: 110995 ns  Iteration: 0  Process: /conv_v4_layer4_tb/p_wr_mon  File: C:/project/vivado/P_30_A/sim/conv_v4_layer4_tb.vhd
Note: [wr 13] addr=0x00000C0 data=0x11
Time: 111095 ns  Iteration: 0  Process: /conv_v4_layer4_tb/p_wr_mon  File: C:/project/vivado/P_30_A/sim/conv_v4_layer4_tb.vhd
Note: [wr 14] addr=0x00000D0 data=0xEF
Time: 111195 ns  Iteration: 0  Process: /conv_v4_layer4_tb/p_wr_mon  File: C:/project/vivado/P_30_A/sim/conv_v4_layer4_tb.vhd
Note: [wr 15] addr=0x00000E0 data=0xFC
Time: 111295 ns  Iteration: 0  Process: /conv_v4_layer4_tb/p_wr_mon  File: C:/project/vivado/P_30_A/sim/conv_v4_layer4_tb.vhd
Note: [wr 16] addr=0x00000F0 data=0x10
Time: 111395 ns  Iteration: 0  Process: /conv_v4_layer4_tb/p_wr_mon  File: C:/project/vivado/P_30_A/sim/conv_v4_layer4_tb.vhd
Note: [wr 17] addr=0x0000100 data=0x45
Time: 111495 ns  Iteration: 0  Process: /conv_v4_layer4_tb/p_wr_mon  File: C:/project/vivado/P_30_A/sim/conv_v4_layer4_tb.vhd
Note: [wr 18] addr=0x0000110 data=0x10
Time: 111595 ns  Iteration: 0  Process: /conv_v4_layer4_tb/p_wr_mon  File: C:/project/vivado/P_30_A/sim/conv_v4_layer4_tb.vhd
Note: [wr 19] addr=0x0000120 data=0x15
Time: 111695 ns  Iteration: 0  Process: /conv_v4_layer4_tb/p_wr_mon  File: C:/project/vivado/P_30_A/sim/conv_v4_layer4_tb.vhd
Note: [wr 20] addr=0x0000130 data=0x03
Time: 111795 ns  Iteration: 0  Process: /conv_v4_layer4_tb/p_wr_mon  File: C:/project/vivado/P_30_A/sim/conv_v4_layer4_tb.vhd
Note: [wr 21] addr=0x0000140 data=0xD0
Time: 111895 ns  Iteration: 0  Process: /conv_v4_layer4_tb/p_wr_mon  File: C:/project/vivado/P_30_A/sim/conv_v4_layer4_tb.vhd
Note: [wr 22] addr=0x0000150 data=0x27
Time: 111995 ns  Iteration: 0  Process: /conv_v4_layer4_tb/p_wr_mon  File: C:/project/vivado/P_30_A/sim/conv_v4_layer4_tb.vhd
Note: [wr 23] addr=0x0000160 data=0x0B
Time: 112095 ns  Iteration: 0  Process: /conv_v4_layer4_tb/p_wr_mon  File: C:/project/vivado/P_30_A/sim/conv_v4_layer4_tb.vhd
Note: [wr 24] addr=0x0000170 data=0xEF
Time: 112195 ns  Iteration: 0  Process: /conv_v4_layer4_tb/p_wr_mon  File: C:/project/vivado/P_30_A/sim/conv_v4_layer4_tb.vhd
Note: [wr 25] addr=0x0000180 data=0x43
Time: 112295 ns  Iteration: 0  Process: /conv_v4_layer4_tb/p_wr_mon  File: C:/project/vivado/P_30_A/sim/conv_v4_layer4_tb.vhd
Note: [wr 26] addr=0x0000190 data=0x1F
Time: 112395 ns  Iteration: 0  Process: /conv_v4_layer4_tb/p_wr_mon  File: C:/project/vivado/P_30_A/sim/conv_v4_layer4_tb.vhd
Note: [wr 27] addr=0x00001A0 data=0x1F
Time: 112495 ns  Iteration: 0  Process: /conv_v4_layer4_tb/p_wr_mon  File: C:/project/vivado/P_30_A/sim/conv_v4_layer4_tb.vhd
Note: [wr 28] addr=0x00001B0 data=0xFD
Time: 112595 ns  Iteration: 0  Process: /conv_v4_layer4_tb/p_wr_mon  File: C:/project/vivado/P_30_A/sim/conv_v4_layer4_tb.vhd
Note: [wr 29] addr=0x00001C0 data=0xE2
Time: 112695 ns  Iteration: 0  Process: /conv_v4_layer4_tb/p_wr_mon  File: C:/project/vivado/P_30_A/sim/conv_v4_layer4_tb.vhd
Note: [wr 30] addr=0x00001D0 data=0xF7
Time: 112795 ns  Iteration: 0  Process: /conv_v4_layer4_tb/p_wr_mon  File: C:/project/vivado/P_30_A/sim/conv_v4_layer4_tb.vhd
Note: [wr 31] addr=0x00001E0 data=0xFD
Time: 112895 ns  Iteration: 0  Process: /conv_v4_layer4_tb/p_wr_mon  File: C:/project/vivado/P_30_A/sim/conv_v4_layer4_tb.vhd
Note: [wr 32] addr=0x00001F0 data=0x16
Time: 112995 ns  Iteration: 0  Process: /conv_v4_layer4_tb/p_wr_mon  File: C:/project/vivado/P_30_A/sim/conv_v4_layer4_tb.vhd
Note: [mon] t= state=20 oh=0 ow=1 oc_tb=0 busy='1'
Time: 150 us  Iteration: 0  Process: /conv_v4_layer4_tb/p_mon  File: C:/project/vivado/P_30_A/sim/conv_v4_layer4_tb.vhd
Note: [mon] t= state=25 oh=0 ow=1 oc_tb=0 busy='1'
Time: 200 us  Iteration: 0  Process: /conv_v4_layer4_tb/p_mon  File: C:/project/vivado/P_30_A/sim/conv_v4_layer4_tb.vhd
Note: [wr 33] addr=0x0000001 data=0xE5
Time: 218815 ns  Iteration: 0  Process: /conv_v4_layer4_tb/p_wr_mon  File: C:/project/vivado/P_30_A/sim/conv_v4_layer4_tb.vhd
Note: [wr 34] addr=0x0000011 data=0xE9
Time: 218915 ns  Iteration: 0  Process: /conv_v4_layer4_tb/p_wr_mon  File: C:/project/vivado/P_30_A/sim/conv_v4_layer4_tb.vhd
Note: [wr 35] addr=0x0000021 data=0x14
Time: 219015 ns  Iteration: 0  Process: /conv_v4_layer4_tb/p_wr_mon  File: C:/project/vivado/P_30_A/sim/conv_v4_layer4_tb.vhd
Note: [wr 36] addr=0x0000031 data=0x1B
Time: 219115 ns  Iteration: 0  Process: /conv_v4_layer4_tb/p_wr_mon  File: C:/project/vivado/P_30_A/sim/conv_v4_layer4_tb.vhd
Note: [wr 37] addr=0x0000041 data=0x0D
Time: 219215 ns  Iteration: 0  Process: /conv_v4_layer4_tb/p_wr_mon  File: C:/project/vivado/P_30_A/sim/conv_v4_layer4_tb.vhd
Note: [wr 38] addr=0x0000051 data=0xEB
Time: 219315 ns  Iteration: 0  Process: /conv_v4_layer4_tb/p_wr_mon  File: C:/project/vivado/P_30_A/sim/conv_v4_layer4_tb.vhd
Note: [wr 39] addr=0x0000061 data=0x24
Time: 219415 ns  Iteration: 0  Process: /conv_v4_layer4_tb/p_wr_mon  File: C:/project/vivado/P_30_A/sim/conv_v4_layer4_tb.vhd
Note: [wr 40] addr=0x0000071 data=0x3B
Time: 219515 ns  Iteration: 0  Process: /conv_v4_layer4_tb/p_wr_mon  File: C:/project/vivado/P_30_A/sim/conv_v4_layer4_tb.vhd
Note: [mon] t= state=22 oh=0 ow=2 oc_tb=0 busy='1'
Time: 250 us  Iteration: 0  Process: /conv_v4_layer4_tb/p_mon  File: C:/project/vivado/P_30_A/sim/conv_v4_layer4_tb.vhd
Note: [mon] t= state=23 oh=0 ow=2 oc_tb=0 busy='1'
Time: 300 us  Iteration: 0  Process: /conv_v4_layer4_tb/p_mon  File: C:/project/vivado/P_30_A/sim/conv_v4_layer4_tb.vhd
Note: [mon] t= state=21 oh=0 ow=3 oc_tb=0 busy='1'
Time: 350 us  Iteration: 0  Process: /conv_v4_layer4_tb/p_mon  File: C:/project/vivado/P_30_A/sim/conv_v4_layer4_tb.vhd
Note: [mon] t= state=24 oh=0 ow=3 oc_tb=0 busy='1'
Time: 400 us  Iteration: 0  Process: /conv_v4_layer4_tb/p_mon  File: C:/project/vivado/P_30_A/sim/conv_v4_layer4_tb.vhd
Note: [mon] t= state=22 oh=1 ow=0 oc_tb=0 busy='1'
Time: 450 us  Iteration: 0  Process: /conv_v4_layer4_tb/p_mon  File: C:/project/vivado/P_30_A/sim/conv_v4_layer4_tb.vhd
Note: [mon] t= state=21 oh=1 ow=0 oc_tb=0 busy='1'
Time: 500 us  Iteration: 0  Process: /conv_v4_layer4_tb/p_mon  File: C:/project/vivado/P_30_A/sim/conv_v4_layer4_tb.vhd
Note: [mon] t= state=21 oh=1 ow=1 oc_tb=0 busy='1'
Time: 550 us  Iteration: 0  Process: /conv_v4_layer4_tb/p_mon  File: C:/project/vivado/P_30_A/sim/conv_v4_layer4_tb.vhd
Note: [mon] t= state=20 oh=1 ow=1 oc_tb=0 busy='1'
Time: 600 us  Iteration: 0  Process: /conv_v4_layer4_tb/p_mon  File: C:/project/vivado/P_30_A/sim/conv_v4_layer4_tb.vhd
Note: [mon] t= state=25 oh=1 ow=1 oc_tb=0 busy='1'
Time: 650 us  Iteration: 0  Process: /conv_v4_layer4_tb/p_mon  File: C:/project/vivado/P_30_A/sim/conv_v4_layer4_tb.vhd
Note: [mon] t= state=22 oh=1 ow=2 oc_tb=0 busy='1'
Time: 700 us  Iteration: 0  Process: /conv_v4_layer4_tb/p_mon  File: C:/project/vivado/P_30_A/sim/conv_v4_layer4_tb.vhd
Note: [mon] t= state=24 oh=1 ow=2 oc_tb=0 busy='1'
Time: 750 us  Iteration: 0  Process: /conv_v4_layer4_tb/p_mon  File: C:/project/vivado/P_30_A/sim/conv_v4_layer4_tb.vhd
Note: [mon] t= state=21 oh=1 ow=3 oc_tb=0 busy='1'
Time: 800 us  Iteration: 0  Process: /conv_v4_layer4_tb/p_mon  File: C:/project/vivado/P_30_A/sim/conv_v4_layer4_tb.vhd
Note: [mon] t= state=25 oh=1 ow=3 oc_tb=0 busy='1'
Time: 850 us  Iteration: 0  Process: /conv_v4_layer4_tb/p_mon  File: C:/project/vivado/P_30_A/sim/conv_v4_layer4_tb.vhd
Note: [mon] t= state=22 oh=2 ow=0 oc_tb=0 busy='1'
Time: 900 us  Iteration: 0  Process: /conv_v4_layer4_tb/p_mon  File: C:/project/vivado/P_30_A/sim/conv_v4_layer4_tb.vhd
Note: [mon] t= state=25 oh=2 ow=0 oc_tb=0 busy='1'
Time: 950 us  Iteration: 0  Process: /conv_v4_layer4_tb/p_mon  File: C:/project/vivado/P_30_A/sim/conv_v4_layer4_tb.vhd
Note: [mon] t= state=21 oh=2 ow=1 oc_tb=0 busy='1'
Time: 1 ms  Iteration: 0  Process: /conv_v4_layer4_tb/p_mon  File: C:/project/vivado/P_30_A/sim/conv_v4_layer4_tb.vhd
Note: [mon] t= state=26 oh=2 ow=1 oc_tb=0 busy='1'
Time: 1050 us  Iteration: 0  Process: /conv_v4_layer4_tb/p_mon  File: C:/project/vivado/P_30_A/sim/conv_v4_layer4_tb.vhd
Note: [mon] t= state=20 oh=2 ow=2 oc_tb=0 busy='1'
Time: 1100 us  Iteration: 0  Process: /conv_v4_layer4_tb/p_mon  File: C:/project/vivado/P_30_A/sim/conv_v4_layer4_tb.vhd
Note: [mon] t= state=22 oh=2 ow=2 oc_tb=0 busy='1'
Time: 1150 us  Iteration: 0  Process: /conv_v4_layer4_tb/p_mon  File: C:/project/vivado/P_30_A/sim/conv_v4_layer4_tb.vhd
Note: [mon] t= state=34 oh=2 ow=2 oc_tb=0 busy='1'
Time: 1200 us  Iteration: 0  Process: /conv_v4_layer4_tb/p_mon  File: C:/project/vivado/P_30_A/sim/conv_v4_layer4_tb.vhd
Note: [mon] t= state=21 oh=2 ow=3 oc_tb=0 busy='1'
Time: 1250 us  Iteration: 0  Process: /conv_v4_layer4_tb/p_mon  File: C:/project/vivado/P_30_A/sim/conv_v4_layer4_tb.vhd
Note: [mon] t= state=25 oh=2 ow=3 oc_tb=0 busy='1'
Time: 1300 us  Iteration: 0  Process: /conv_v4_layer4_tb/p_mon  File: C:/project/vivado/P_30_A/sim/conv_v4_layer4_tb.vhd
Note: [mon] t= state=22 oh=3 ow=0 oc_tb=0 busy='1'
Time: 1350 us  Iteration: 0  Process: /conv_v4_layer4_tb/p_mon  File: C:/project/vivado/P_30_A/sim/conv_v4_layer4_tb.vhd
Note: [mon] t= state=25 oh=3 ow=0 oc_tb=0 busy='1'
Time: 1400 us  Iteration: 0  Process: /conv_v4_layer4_tb/p_mon  File: C:/project/vivado/P_30_A/sim/conv_v4_layer4_tb.vhd
Note: [mon] t= state=21 oh=3 ow=1 oc_tb=0 busy='1'
Time: 1450 us  Iteration: 0  Process: /conv_v4_layer4_tb/p_mon  File: C:/project/vivado/P_30_A/sim/conv_v4_layer4_tb.vhd
Note: [mon] t= state=24 oh=3 ow=1 oc_tb=0 busy='1'
Time: 1500 us  Iteration: 0  Process: /conv_v4_layer4_tb/p_mon  File: C:/project/vivado/P_30_A/sim/conv_v4_layer4_tb.vhd
Note: [mon] t= state=20 oh=3 ow=2 oc_tb=0 busy='1'
Time: 1550 us  Iteration: 0  Process: /conv_v4_layer4_tb/p_mon  File: C:/project/vivado/P_30_A/sim/conv_v4_layer4_tb.vhd
Note: [mon] t= state=25 oh=3 ow=2 oc_tb=0 busy='1'
Time: 1600 us  Iteration: 0  Process: /conv_v4_layer4_tb/p_mon  File: C:/project/vivado/P_30_A/sim/conv_v4_layer4_tb.vhd
Note: [mon] t= state=22 oh=3 ow=3 oc_tb=0 busy='1'
Time: 1650 us  Iteration: 0  Process: /conv_v4_layer4_tb/p_mon  File: C:/project/vivado/P_30_A/sim/conv_v4_layer4_tb.vhd
Note: [mon] t= state=24 oh=3 ow=3 oc_tb=0 busy='1'
Time: 1700 us  Iteration: 0  Process: /conv_v4_layer4_tb/p_mon  File: C:/project/vivado/P_30_A/sim/conv_v4_layer4_tb.vhd
Note: [mon] t= state=12 oh=3 ow=3 oc_tb=32 busy='1'
Time: 1750 us  Iteration: 0  Process: /conv_v4_layer4_tb/p_mon  File: C:/project/vivado/P_30_A/sim/conv_v4_layer4_tb.vhd
Note: [mon] t= state=22 oh=0 ow=0 oc_tb=32 busy='1'
Time: 1800 us  Iteration: 0  Process: /conv_v4_layer4_tb/p_mon  File: C:/project/vivado/P_30_A/sim/conv_v4_layer4_tb.vhd
Note: [mon] t= state=24 oh=0 ow=0 oc_tb=32 busy='1'
Time: 1850 us  Iteration: 0  Process: /conv_v4_layer4_tb/p_mon  File: C:/project/vivado/P_30_A/sim/conv_v4_layer4_tb.vhd
Note: [mon] t= state=21 oh=0 ow=1 oc_tb=32 busy='1'
Time: 1900 us  Iteration: 0  Process: /conv_v4_layer4_tb/p_mon  File: C:/project/vivado/P_30_A/sim/conv_v4_layer4_tb.vhd
Note: [mon] t= state=25 oh=0 ow=1 oc_tb=32 busy='1'
Time: 1950 us  Iteration: 0  Process: /conv_v4_layer4_tb/p_mon  File: C:/project/vivado/P_30_A/sim/conv_v4_layer4_tb.vhd
Note: [mon] t= state=20 oh=0 ow=2 oc_tb=32 busy='1'
Time: 2 ms  Iteration: 0  Process: /conv_v4_layer4_tb/p_mon  File: C:/project/vivado/P_30_A/sim/conv_v4_layer4_tb.vhd
Note: [mon] t= state=24 oh=0 ow=2 oc_tb=32 busy='1'
Time: 2050 us  Iteration: 0  Process: /conv_v4_layer4_tb/p_mon  File: C:/project/vivado/P_30_A/sim/conv_v4_layer4_tb.vhd
Note: [mon] t= state=22 oh=0 ow=3 oc_tb=32 busy='1'
Time: 2100 us  Iteration: 0  Process: /conv_v4_layer4_tb/p_mon  File: C:/project/vivado/P_30_A/sim/conv_v4_layer4_tb.vhd
Note: [mon] t= state=27 oh=0 ow=3 oc_tb=32 busy='1'
Time: 2150 us  Iteration: 0  Process: /conv_v4_layer4_tb/p_mon  File: C:/project/vivado/P_30_A/sim/conv_v4_layer4_tb.vhd
Note: [mon] t= state=20 oh=1 ow=0 oc_tb=32 busy='1'
Time: 2200 us  Iteration: 0  Process: /conv_v4_layer4_tb/p_mon  File: C:/project/vivado/P_30_A/sim/conv_v4_layer4_tb.vhd
Note: [mon] t= state=24 oh=1 ow=0 oc_tb=32 busy='1'
Time: 2250 us  Iteration: 0  Process: /conv_v4_layer4_tb/p_mon  File: C:/project/vivado/P_30_A/sim/conv_v4_layer4_tb.vhd
Note: [mon] t= state=22 oh=1 ow=1 oc_tb=32 busy='1'
Time: 2300 us  Iteration: 0  Process: /conv_v4_layer4_tb/p_mon  File: C:/project/vivado/P_30_A/sim/conv_v4_layer4_tb.vhd
Note: [mon] t= state=21 oh=1 ow=1 oc_tb=32 busy='1'
Time: 2350 us  Iteration: 0  Process: /conv_v4_layer4_tb/p_mon  File: C:/project/vivado/P_30_A/sim/conv_v4_layer4_tb.vhd
Note: [mon] t= state=25 oh=1 ow=1 oc_tb=32 busy='1'
Time: 2400 us  Iteration: 0  Process: /conv_v4_layer4_tb/p_mon  File: C:/project/vivado/P_30_A/sim/conv_v4_layer4_tb.vhd
Note: [mon] t= state=20 oh=1 ow=2 oc_tb=32 busy='1'
Time: 2450 us  Iteration: 0  Process: /conv_v4_layer4_tb/p_mon  File: C:/project/vivado/P_30_A/sim/conv_v4_layer4_tb.vhd
Note: [mon] t= state=24 oh=1 ow=2 oc_tb=32 busy='1'
Time: 2500 us  Iteration: 0  Process: /conv_v4_layer4_tb/p_mon  File: C:/project/vivado/P_30_A/sim/conv_v4_layer4_tb.vhd
Note: [mon] t= state=22 oh=1 ow=3 oc_tb=32 busy='1'
Time: 2550 us  Iteration: 0  Process: /conv_v4_layer4_tb/p_mon  File: C:/project/vivado/P_30_A/sim/conv_v4_layer4_tb.vhd
Note: [mon] t= state=25 oh=1 ow=3 oc_tb=32 busy='1'
Time: 2600 us  Iteration: 0  Process: /conv_v4_layer4_tb/p_mon  File: C:/project/vivado/P_30_A/sim/conv_v4_layer4_tb.vhd
Note: [mon] t= state=20 oh=2 ow=0 oc_tb=32 busy='1'
Time: 2650 us  Iteration: 0  Process: /conv_v4_layer4_tb/p_mon  File: C:/project/vivado/P_30_A/sim/conv_v4_layer4_tb.vhd
Note: [mon] t= state=25 oh=2 ow=0 oc_tb=32 busy='1'
Time: 2700 us  Iteration: 0  Process: /conv_v4_layer4_tb/p_mon  File: C:/project/vivado/P_30_A/sim/conv_v4_layer4_tb.vhd
Note: [mon] t= state=22 oh=2 ow=1 oc_tb=32 busy='1'
Time: 2750 us  Iteration: 0  Process: /conv_v4_layer4_tb/p_mon  File: C:/project/vivado/P_30_A/sim/conv_v4_layer4_tb.vhd
Note: [mon] t= state=24 oh=2 ow=1 oc_tb=32 busy='1'
Time: 2800 us  Iteration: 0  Process: /conv_v4_layer4_tb/p_mon  File: C:/project/vivado/P_30_A/sim/conv_v4_layer4_tb.vhd
Note: [mon] t= state=21 oh=2 ow=2 oc_tb=32 busy='1'
Time: 2850 us  Iteration: 0  Process: /conv_v4_layer4_tb/p_mon  File: C:/project/vivado/P_30_A/sim/conv_v4_layer4_tb.vhd
Note: [mon] t= state=20 oh=2 ow=2 oc_tb=32 busy='1'
Time: 2900 us  Iteration: 0  Process: /conv_v4_layer4_tb/p_mon  File: C:/project/vivado/P_30_A/sim/conv_v4_layer4_tb.vhd
Note: [mon] t= state=20 oh=2 ow=3 oc_tb=32 busy='1'
Time: 2950 us  Iteration: 0  Process: /conv_v4_layer4_tb/p_mon  File: C:/project/vivado/P_30_A/sim/conv_v4_layer4_tb.vhd
Note: [mon] t= state=22 oh=2 ow=3 oc_tb=32 busy='1'
Time: 3 ms  Iteration: 0  Process: /conv_v4_layer4_tb/p_mon  File: C:/project/vivado/P_30_A/sim/conv_v4_layer4_tb.vhd
Note: [mon] t= state=25 oh=2 ow=3 oc_tb=32 busy='1'
Time: 3050 us  Iteration: 0  Process: /conv_v4_layer4_tb/p_mon  File: C:/project/vivado/P_30_A/sim/conv_v4_layer4_tb.vhd
Note: [mon] t= state=20 oh=3 ow=0 oc_tb=32 busy='1'
Time: 3100 us  Iteration: 0  Process: /conv_v4_layer4_tb/p_mon  File: C:/project/vivado/P_30_A/sim/conv_v4_layer4_tb.vhd
Note: [mon] t= state=25 oh=3 ow=0 oc_tb=32 busy='1'
Time: 3150 us  Iteration: 0  Process: /conv_v4_layer4_tb/p_mon  File: C:/project/vivado/P_30_A/sim/conv_v4_layer4_tb.vhd
Note: [mon] t= state=22 oh=3 ow=1 oc_tb=32 busy='1'
Time: 3200 us  Iteration: 0  Process: /conv_v4_layer4_tb/p_mon  File: C:/project/vivado/P_30_A/sim/conv_v4_layer4_tb.vhd
Note: [mon] t= state=24 oh=3 ow=1 oc_tb=32 busy='1'
Time: 3250 us  Iteration: 0  Process: /conv_v4_layer4_tb/p_mon  File: C:/project/vivado/P_30_A/sim/conv_v4_layer4_tb.vhd
Note: [mon] t= state=21 oh=3 ow=2 oc_tb=32 busy='1'
Time: 3300 us  Iteration: 0  Process: /conv_v4_layer4_tb/p_mon  File: C:/project/vivado/P_30_A/sim/conv_v4_layer4_tb.vhd
Note: [mon] t= state=25 oh=3 ow=2 oc_tb=32 busy='1'
Time: 3350 us  Iteration: 0  Process: /conv_v4_layer4_tb/p_mon  File: C:/project/vivado/P_30_A/sim/conv_v4_layer4_tb.vhd
Note: [mon] t= state=20 oh=3 ow=3 oc_tb=32 busy='1'
Time: 3400 us  Iteration: 0  Process: /conv_v4_layer4_tb/p_mon  File: C:/project/vivado/P_30_A/sim/conv_v4_layer4_tb.vhd
Note: [mon] t= state=24 oh=3 ow=3 oc_tb=32 busy='1'
Time: 3450 us  Iteration: 0  Process: /conv_v4_layer4_tb/p_mon  File: C:/project/vivado/P_30_A/sim/conv_v4_layer4_tb.vhd
Note: === DONE! Comparing output ===
Time: 3493495 ns  Iteration: 0  Process: /conv_v4_layer4_tb/p_stim  File: C:/project/vivado/P_30_A/sim/conv_v4_layer4_tb.vhd
Note: === RESULT: 1024/1024 bytes OK, 0 mismatches ===
Time: 3493545 ns  Iteration: 0  Process: /conv_v4_layer4_tb/p_stim  File: C:/project/vivado/P_30_A/sim/conv_v4_layer4_tb.vhd
Failure: Simulation end
Time: 3493645 ns  Iteration: 0  Process: /conv_v4_layer4_tb/p_stim  File: C:/project/vivado/P_30_A/sim/conv_v4_layer4_tb.vhd
$finish called at time : 3493645 ns : File "C:/project/vivado/P_30_A/sim/conv_v4_layer4_tb.vhd" Line 280
run: Time (s): cpu = 00:00:00 ; elapsed = 00:00:11 . Memory (MB): peak = 227.414 ; gain = 0.000
## quit
INFO: xsimkernel Simulation Memory Usage: 9804 KB (Peak: 9804 KB), Simulation CPU Usage: 10671 ms
INFO: [Common 17-206] Exiting xsim at Fri Apr 17 22:07:41 2026...
