#-----------------------------------------------------------
# xsim v2025.2 (64-bit)
# SW Build 6299465 on Fri Nov 14 19:35:11 GMT 2025
# IP Build 6300035 on Fri Nov 14 10:48:45 MST 2025
# SharedData Build 6298862 on Thu Nov 13 04:50:51 MST 2025
# Start of session at: Fri Apr 17 18:08:02 2026
# Process ID         : 17624
# Current directory  : C:/project/vivado/P_30_A/sim
# Command line       : xsim.exe -mode tcl -source {xsim.dir/layer2_snap/xsim_script.tcl}
# Log file           : C:/project/vivado/P_30_A/sim/xsim.log
# Journal file       : C:/project/vivado/P_30_A/sim\xsim.jou
# Running On         : DESKTOP-6J3HG3R
# Platform           : Windows Server 2016 or Windows 10
# Operating System   : 19045
# Processor Detail   : Intel(R) Core(TM) i5-10300H CPU @ 2.50GHz
# CPU Frequency      : 2496 MHz
# CPU Physical cores : 4
# CPU Logical cores  : 8
# Host memory        : 16940 MB
# Swap memory        : 23932 MB
# Total Virtual      : 40873 MB
# Available Virtual  : 13171 MB
#-----------------------------------------------------------
source xsim.dir/layer2_snap/xsim_script.tcl
# xsim {layer2_snap} -autoloadwcfg -tclbatch {run_layer2.tcl}
Time resolution is 1 ps
source run_layer2.tcl
## run all
Note: Loaded 2592 B from ../sim/vectors_layer2/input_nchw.hex
Time: 50 ns  Iteration: 0  Process: /conv_v4_layer2_tb/p_stim  File: C:/project/vivado/P_30_A/sim/conv_v4_layer2_tb.vhd
Note: Loaded 18432 B from ../sim/vectors_layer2/weights_ohwi.hex
Time: 50 ns  Iteration: 0  Process: /conv_v4_layer2_tb/p_stim  File: C:/project/vivado/P_30_A/sim/conv_v4_layer2_tb.vhd
Note: Loaded 256 B from ../sim/vectors_layer2/bias_int32.hex
Time: 50 ns  Iteration: 0  Process: /conv_v4_layer2_tb/p_stim  File: C:/project/vivado/P_30_A/sim/conv_v4_layer2_tb.vhd
Note: === Starting conv_engine_v4 layer 2: c_in=32 c_out=64 k=3 stride=2 pad=1 ===
Time: 120 ns  Iteration: 0  Process: /conv_v4_layer2_tb/p_stim  File: C:/project/vivado/P_30_A/sim/conv_v4_layer2_tb.vhd
Note: [mon] t= state=21 oh=0 ow=0 oc_tb=0 busy='1'
Time: 50 us  Iteration: 0  Process: /conv_v4_layer2_tb/p_mon  File: C:/project/vivado/P_30_A/sim/conv_v4_layer2_tb.vhd
Note: [mon] t= state=20 oh=0 ow=0 oc_tb=0 busy='1'
Time: 100 us  Iteration: 0  Process: /conv_v4_layer2_tb/p_mon  File: C:/project/vivado/P_30_A/sim/conv_v4_layer2_tb.vhd
Note: [mon] t= state=22 oh=0 ow=0 oc_tb=0 busy='1'
Time: 150 us  Iteration: 0  Process: /conv_v4_layer2_tb/p_mon  File: C:/project/vivado/P_30_A/sim/conv_v4_layer2_tb.vhd
Note: [mon] t= state=21 oh=0 ow=0 oc_tb=0 busy='1'
Time: 200 us  Iteration: 0  Process: /conv_v4_layer2_tb/p_mon  File: C:/project/vivado/P_30_A/sim/conv_v4_layer2_tb.vhd
Note: [mon] t= state=20 oh=0 ow=0 oc_tb=0 busy='1'
Time: 250 us  Iteration: 0  Process: /conv_v4_layer2_tb/p_mon  File: C:/project/vivado/P_30_A/sim/conv_v4_layer2_tb.vhd
Note: [mon] t= state=25 oh=0 ow=0 oc_tb=0 busy='1'
Time: 300 us  Iteration: 0  Process: /conv_v4_layer2_tb/p_mon  File: C:/project/vivado/P_30_A/sim/conv_v4_layer2_tb.vhd
Note: [mon] t= state=25 oh=0 ow=0 oc_tb=0 busy='1'
Time: 350 us  Iteration: 0  Process: /conv_v4_layer2_tb/p_mon  File: C:/project/vivado/P_30_A/sim/conv_v4_layer2_tb.vhd
Note: [mon] t= state=29 oh=0 ow=0 oc_tb=0 busy='1'
Time: 400 us  Iteration: 0  Process: /conv_v4_layer2_tb/p_mon  File: C:/project/vivado/P_30_A/sim/conv_v4_layer2_tb.vhd
Note: [mon] t= state=24 oh=0 ow=0 oc_tb=0 busy='1'
Time: 450 us  Iteration: 0  Process: /conv_v4_layer2_tb/p_mon  File: C:/project/vivado/P_30_A/sim/conv_v4_layer2_tb.vhd
Note: [wr 1] addr=0x0000000 data=0x2C
Time: 479495 ns  Iteration: 0  Process: /conv_v4_layer2_tb/p_wr_mon  File: C:/project/vivado/P_30_A/sim/conv_v4_layer2_tb.vhd
Note: [wr 2] addr=0x0000019 data=0x00
Time: 479595 ns  Iteration: 0  Process: /conv_v4_layer2_tb/p_wr_mon  File: C:/project/vivado/P_30_A/sim/conv_v4_layer2_tb.vhd
Note: [wr 3] addr=0x0000032 data=0xEA
Time: 479695 ns  Iteration: 0  Process: /conv_v4_layer2_tb/p_wr_mon  File: C:/project/vivado/P_30_A/sim/conv_v4_layer2_tb.vhd
Note: [wr 4] addr=0x000004B data=0x2E
Time: 479795 ns  Iteration: 0  Process: /conv_v4_layer2_tb/p_wr_mon  File: C:/project/vivado/P_30_A/sim/conv_v4_layer2_tb.vhd
Note: [wr 5] addr=0x0000064 data=0x17
Time: 479895 ns  Iteration: 0  Process: /conv_v4_layer2_tb/p_wr_mon  File: C:/project/vivado/P_30_A/sim/conv_v4_layer2_tb.vhd
Note: [wr 6] addr=0x000007D data=0x0E
Time: 479995 ns  Iteration: 0  Process: /conv_v4_layer2_tb/p_wr_mon  File: C:/project/vivado/P_30_A/sim/conv_v4_layer2_tb.vhd
Note: [wr 7] addr=0x0000096 data=0xDD
Time: 480095 ns  Iteration: 0  Process: /conv_v4_layer2_tb/p_wr_mon  File: C:/project/vivado/P_30_A/sim/conv_v4_layer2_tb.vhd
Note: [wr 8] addr=0x00000AF data=0x08
Time: 480195 ns  Iteration: 0  Process: /conv_v4_layer2_tb/p_wr_mon  File: C:/project/vivado/P_30_A/sim/conv_v4_layer2_tb.vhd
Note: [wr 9] addr=0x00000C8 data=0x14
Time: 480295 ns  Iteration: 0  Process: /conv_v4_layer2_tb/p_wr_mon  File: C:/project/vivado/P_30_A/sim/conv_v4_layer2_tb.vhd
Note: [wr 10] addr=0x00000E1 data=0x0F
Time: 480395 ns  Iteration: 0  Process: /conv_v4_layer2_tb/p_wr_mon  File: C:/project/vivado/P_30_A/sim/conv_v4_layer2_tb.vhd
Note: [wr 11] addr=0x00000FA data=0x63
Time: 480495 ns  Iteration: 0  Process: /conv_v4_layer2_tb/p_wr_mon  File: C:/project/vivado/P_30_A/sim/conv_v4_layer2_tb.vhd
Note: [wr 12] addr=0x0000113 data=0x13
Time: 480595 ns  Iteration: 0  Process: /conv_v4_layer2_tb/p_wr_mon  File: C:/project/vivado/P_30_A/sim/conv_v4_layer2_tb.vhd
Note: [wr 13] addr=0x000012C data=0x14
Time: 480695 ns  Iteration: 0  Process: /conv_v4_layer2_tb/p_wr_mon  File: C:/project/vivado/P_30_A/sim/conv_v4_layer2_tb.vhd
Note: [wr 14] addr=0x0000145 data=0x1D
Time: 480795 ns  Iteration: 0  Process: /conv_v4_layer2_tb/p_wr_mon  File: C:/project/vivado/P_30_A/sim/conv_v4_layer2_tb.vhd
Note: [wr 15] addr=0x000015E data=0x16
Time: 480895 ns  Iteration: 0  Process: /conv_v4_layer2_tb/p_wr_mon  File: C:/project/vivado/P_30_A/sim/conv_v4_layer2_tb.vhd
Note: [wr 16] addr=0x0000177 data=0x08
Time: 480995 ns  Iteration: 0  Process: /conv_v4_layer2_tb/p_wr_mon  File: C:/project/vivado/P_30_A/sim/conv_v4_layer2_tb.vhd
Note: [wr 17] addr=0x0000190 data=0xF7
Time: 481095 ns  Iteration: 0  Process: /conv_v4_layer2_tb/p_wr_mon  File: C:/project/vivado/P_30_A/sim/conv_v4_layer2_tb.vhd
Note: [wr 18] addr=0x00001A9 data=0x5D
Time: 481195 ns  Iteration: 0  Process: /conv_v4_layer2_tb/p_wr_mon  File: C:/project/vivado/P_30_A/sim/conv_v4_layer2_tb.vhd
Note: [wr 19] addr=0x00001C2 data=0xD9
Time: 481295 ns  Iteration: 0  Process: /conv_v4_layer2_tb/p_wr_mon  File: C:/project/vivado/P_30_A/sim/conv_v4_layer2_tb.vhd
Note: [wr 20] addr=0x00001DB data=0x0B
Time: 481395 ns  Iteration: 0  Process: /conv_v4_layer2_tb/p_wr_mon  File: C:/project/vivado/P_30_A/sim/conv_v4_layer2_tb.vhd
Note: [wr 21] addr=0x00001F4 data=0x23
Time: 481495 ns  Iteration: 0  Process: /conv_v4_layer2_tb/p_wr_mon  File: C:/project/vivado/P_30_A/sim/conv_v4_layer2_tb.vhd
Note: [wr 22] addr=0x000020D data=0x22
Time: 481595 ns  Iteration: 0  Process: /conv_v4_layer2_tb/p_wr_mon  File: C:/project/vivado/P_30_A/sim/conv_v4_layer2_tb.vhd
Note: [wr 23] addr=0x0000226 data=0xF7
Time: 481695 ns  Iteration: 0  Process: /conv_v4_layer2_tb/p_wr_mon  File: C:/project/vivado/P_30_A/sim/conv_v4_layer2_tb.vhd
Note: [wr 24] addr=0x000023F data=0x04
Time: 481795 ns  Iteration: 0  Process: /conv_v4_layer2_tb/p_wr_mon  File: C:/project/vivado/P_30_A/sim/conv_v4_layer2_tb.vhd
Note: [wr 25] addr=0x0000258 data=0x48
Time: 481895 ns  Iteration: 0  Process: /conv_v4_layer2_tb/p_wr_mon  File: C:/project/vivado/P_30_A/sim/conv_v4_layer2_tb.vhd
Note: [wr 26] addr=0x0000271 data=0xEB
Time: 481995 ns  Iteration: 0  Process: /conv_v4_layer2_tb/p_wr_mon  File: C:/project/vivado/P_30_A/sim/conv_v4_layer2_tb.vhd
Note: [wr 27] addr=0x000028A data=0x10
Time: 482095 ns  Iteration: 0  Process: /conv_v4_layer2_tb/p_wr_mon  File: C:/project/vivado/P_30_A/sim/conv_v4_layer2_tb.vhd
Note: [wr 28] addr=0x00002A3 data=0x10
Time: 482195 ns  Iteration: 0  Process: /conv_v4_layer2_tb/p_wr_mon  File: C:/project/vivado/P_30_A/sim/conv_v4_layer2_tb.vhd
Note: [wr 29] addr=0x00002BC data=0x19
Time: 482295 ns  Iteration: 0  Process: /conv_v4_layer2_tb/p_wr_mon  File: C:/project/vivado/P_30_A/sim/conv_v4_layer2_tb.vhd
Note: [wr 30] addr=0x00002D5 data=0x15
Time: 482395 ns  Iteration: 0  Process: /conv_v4_layer2_tb/p_wr_mon  File: C:/project/vivado/P_30_A/sim/conv_v4_layer2_tb.vhd
Note: [wr 31] addr=0x00002EE data=0x29
Time: 482495 ns  Iteration: 0  Process: /conv_v4_layer2_tb/p_wr_mon  File: C:/project/vivado/P_30_A/sim/conv_v4_layer2_tb.vhd
Note: [wr 32] addr=0x0000307 data=0x12
Time: 482595 ns  Iteration: 0  Process: /conv_v4_layer2_tb/p_wr_mon  File: C:/project/vivado/P_30_A/sim/conv_v4_layer2_tb.vhd
Note: [mon] t= state=22 oh=0 ow=1 oc_tb=0 busy='1'
Time: 500 us  Iteration: 0  Process: /conv_v4_layer2_tb/p_mon  File: C:/project/vivado/P_30_A/sim/conv_v4_layer2_tb.vhd
Note: [mon] t= state=21 oh=0 ow=1 oc_tb=0 busy='1'
Time: 550 us  Iteration: 0  Process: /conv_v4_layer2_tb/p_mon  File: C:/project/vivado/P_30_A/sim/conv_v4_layer2_tb.vhd
Note: [mon] t= state=20 oh=0 ow=1 oc_tb=0 busy='1'
Time: 600 us  Iteration: 0  Process: /conv_v4_layer2_tb/p_mon  File: C:/project/vivado/P_30_A/sim/conv_v4_layer2_tb.vhd
Note: [mon] t= state=22 oh=0 ow=1 oc_tb=0 busy='1'
Time: 650 us  Iteration: 0  Process: /conv_v4_layer2_tb/p_mon  File: C:/project/vivado/P_30_A/sim/conv_v4_layer2_tb.vhd
Note: [mon] t= state=21 oh=0 ow=1 oc_tb=0 busy='1'
Time: 700 us  Iteration: 0  Process: /conv_v4_layer2_tb/p_mon  File: C:/project/vivado/P_30_A/sim/conv_v4_layer2_tb.vhd
Note: [mon] t= state=20 oh=0 ow=1 oc_tb=0 busy='1'
Time: 750 us  Iteration: 0  Process: /conv_v4_layer2_tb/p_mon  File: C:/project/vivado/P_30_A/sim/conv_v4_layer2_tb.vhd
Note: [mon] t= state=24 oh=0 ow=1 oc_tb=0 busy='1'
Time: 800 us  Iteration: 0  Process: /conv_v4_layer2_tb/p_mon  File: C:/project/vivado/P_30_A/sim/conv_v4_layer2_tb.vhd
Note: [mon] t= state=24 oh=0 ow=1 oc_tb=0 busy='1'
Time: 850 us  Iteration: 0  Process: /conv_v4_layer2_tb/p_mon  File: C:/project/vivado/P_30_A/sim/conv_v4_layer2_tb.vhd
Note: [mon] t= state=25 oh=0 ow=1 oc_tb=0 busy='1'
Time: 900 us  Iteration: 0  Process: /conv_v4_layer2_tb/p_mon  File: C:/project/vivado/P_30_A/sim/conv_v4_layer2_tb.vhd
Note: [mon] t= state=25 oh=0 ow=1 oc_tb=0 busy='1'
Time: 950 us  Iteration: 0  Process: /conv_v4_layer2_tb/p_mon  File: C:/project/vivado/P_30_A/sim/conv_v4_layer2_tb.vhd
Note: [wr 33] addr=0x0000001 data=0x30
Time: 958015 ns  Iteration: 0  Process: /conv_v4_layer2_tb/p_wr_mon  File: C:/project/vivado/P_30_A/sim/conv_v4_layer2_tb.vhd
Note: [wr 34] addr=0x000001A data=0xAD
Time: 958115 ns  Iteration: 0  Process: /conv_v4_layer2_tb/p_wr_mon  File: C:/project/vivado/P_30_A/sim/conv_v4_layer2_tb.vhd
Note: [wr 35] addr=0x0000033 data=0x13
Time: 958215 ns  Iteration: 0  Process: /conv_v4_layer2_tb/p_wr_mon  File: C:/project/vivado/P_30_A/sim/conv_v4_layer2_tb.vhd
Note: [wr 36] addr=0x000004C data=0x44
Time: 958315 ns  Iteration: 0  Process: /conv_v4_layer2_tb/p_wr_mon  File: C:/project/vivado/P_30_A/sim/conv_v4_layer2_tb.vhd
Note: [wr 37] addr=0x0000065 data=0x42
Time: 958415 ns  Iteration: 0  Process: /conv_v4_layer2_tb/p_wr_mon  File: C:/project/vivado/P_30_A/sim/conv_v4_layer2_tb.vhd
Note: [wr 38] addr=0x000007E data=0x15
Time: 958515 ns  Iteration: 0  Process: /conv_v4_layer2_tb/p_wr_mon  File: C:/project/vivado/P_30_A/sim/conv_v4_layer2_tb.vhd
Note: [wr 39] addr=0x0000097 data=0x43
Time: 958615 ns  Iteration: 0  Process: /conv_v4_layer2_tb/p_wr_mon  File: C:/project/vivado/P_30_A/sim/conv_v4_layer2_tb.vhd
Note: [wr 40] addr=0x00000B0 data=0x08
Time: 958715 ns  Iteration: 0  Process: /conv_v4_layer2_tb/p_wr_mon  File: C:/project/vivado/P_30_A/sim/conv_v4_layer2_tb.vhd
Note: [mon] t= state=22 oh=0 ow=2 oc_tb=0 busy='1'
Time: 1 ms  Iteration: 0  Process: /conv_v4_layer2_tb/p_mon  File: C:/project/vivado/P_30_A/sim/conv_v4_layer2_tb.vhd
Note: [mon] t= state=21 oh=0 ow=2 oc_tb=0 busy='1'
Time: 1050 us  Iteration: 0  Process: /conv_v4_layer2_tb/p_mon  File: C:/project/vivado/P_30_A/sim/conv_v4_layer2_tb.vhd
Note: [mon] t= state=20 oh=0 ow=2 oc_tb=0 busy='1'
Time: 1100 us  Iteration: 0  Process: /conv_v4_layer2_tb/p_mon  File: C:/project/vivado/P_30_A/sim/conv_v4_layer2_tb.vhd
Note: [mon] t= state=22 oh=0 ow=2 oc_tb=0 busy='1'
Time: 1150 us  Iteration: 0  Process: /conv_v4_layer2_tb/p_mon  File: C:/project/vivado/P_30_A/sim/conv_v4_layer2_tb.vhd
Note: [mon] t= state=21 oh=0 ow=2 oc_tb=0 busy='1'
Time: 1200 us  Iteration: 0  Process: /conv_v4_layer2_tb/p_mon  File: C:/project/vivado/P_30_A/sim/conv_v4_layer2_tb.vhd
Note: [mon] t= state=24 oh=0 ow=2 oc_tb=0 busy='1'
Time: 1250 us  Iteration: 0  Process: /conv_v4_layer2_tb/p_mon  File: C:/project/vivado/P_30_A/sim/conv_v4_layer2_tb.vhd
Note: [mon] t= state=25 oh=0 ow=2 oc_tb=0 busy='1'
Time: 1300 us  Iteration: 0  Process: /conv_v4_layer2_tb/p_mon  File: C:/project/vivado/P_30_A/sim/conv_v4_layer2_tb.vhd
Note: [mon] t= state=25 oh=0 ow=2 oc_tb=0 busy='1'
Time: 1350 us  Iteration: 0  Process: /conv_v4_layer2_tb/p_mon  File: C:/project/vivado/P_30_A/sim/conv_v4_layer2_tb.vhd
Note: [mon] t= state=24 oh=0 ow=2 oc_tb=0 busy='1'
Time: 1400 us  Iteration: 0  Process: /conv_v4_layer2_tb/p_mon  File: C:/project/vivado/P_30_A/sim/conv_v4_layer2_tb.vhd
Note: [mon] t= state=20 oh=0 ow=3 oc_tb=0 busy='1'
Time: 1450 us  Iteration: 0  Process: /conv_v4_layer2_tb/p_mon  File: C:/project/vivado/P_30_A/sim/conv_v4_layer2_tb.vhd
Note: [mon] t= state=22 oh=0 ow=3 oc_tb=0 busy='1'
Time: 1500 us  Iteration: 0  Process: /conv_v4_layer2_tb/p_mon  File: C:/project/vivado/P_30_A/sim/conv_v4_layer2_tb.vhd
Note: [mon] t= state=21 oh=0 ow=3 oc_tb=0 busy='1'
Time: 1550 us  Iteration: 0  Process: /conv_v4_layer2_tb/p_mon  File: C:/project/vivado/P_30_A/sim/conv_v4_layer2_tb.vhd
Note: [mon] t= state=20 oh=0 ow=3 oc_tb=0 busy='1'
Time: 1600 us  Iteration: 0  Process: /conv_v4_layer2_tb/p_mon  File: C:/project/vivado/P_30_A/sim/conv_v4_layer2_tb.vhd
Note: [mon] t= state=22 oh=0 ow=3 oc_tb=0 busy='1'
Time: 1650 us  Iteration: 0  Process: /conv_v4_layer2_tb/p_mon  File: C:/project/vivado/P_30_A/sim/conv_v4_layer2_tb.vhd
Note: [mon] t= state=21 oh=0 ow=3 oc_tb=0 busy='1'
Time: 1700 us  Iteration: 0  Process: /conv_v4_layer2_tb/p_mon  File: C:/project/vivado/P_30_A/sim/conv_v4_layer2_tb.vhd
Note: [mon] t= state=29 oh=0 ow=3 oc_tb=0 busy='1'
Time: 1750 us  Iteration: 0  Process: /conv_v4_layer2_tb/p_mon  File: C:/project/vivado/P_30_A/sim/conv_v4_layer2_tb.vhd
Note: [mon] t= state=24 oh=0 ow=3 oc_tb=0 busy='1'
Time: 1800 us  Iteration: 0  Process: /conv_v4_layer2_tb/p_mon  File: C:/project/vivado/P_30_A/sim/conv_v4_layer2_tb.vhd
Note: [mon] t= state=24 oh=0 ow=3 oc_tb=0 busy='1'
Time: 1850 us  Iteration: 0  Process: /conv_v4_layer2_tb/p_mon  File: C:/project/vivado/P_30_A/sim/conv_v4_layer2_tb.vhd
Note: [mon] t= state=25 oh=0 ow=3 oc_tb=0 busy='1'
Time: 1900 us  Iteration: 0  Process: /conv_v4_layer2_tb/p_mon  File: C:/project/vivado/P_30_A/sim/conv_v4_layer2_tb.vhd
Note: [mon] t= state=20 oh=0 ow=4 oc_tb=0 busy='1'
Time: 1950 us  Iteration: 0  Process: /conv_v4_layer2_tb/p_mon  File: C:/project/vivado/P_30_A/sim/conv_v4_layer2_tb.vhd
Note: [mon] t= state=22 oh=0 ow=4 oc_tb=0 busy='1'
Time: 2 ms  Iteration: 0  Process: /conv_v4_layer2_tb/p_mon  File: C:/project/vivado/P_30_A/sim/conv_v4_layer2_tb.vhd
Note: [mon] t= state=21 oh=0 ow=4 oc_tb=0 busy='1'
Time: 2050 us  Iteration: 0  Process: /conv_v4_layer2_tb/p_mon  File: C:/project/vivado/P_30_A/sim/conv_v4_layer2_tb.vhd
Note: [mon] t= state=20 oh=0 ow=4 oc_tb=0 busy='1'
Time: 2100 us  Iteration: 0  Process: /conv_v4_layer2_tb/p_mon  File: C:/project/vivado/P_30_A/sim/conv_v4_layer2_tb.vhd
Note: [mon] t= state=22 oh=0 ow=4 oc_tb=0 busy='1'
Time: 2150 us  Iteration: 0  Process: /conv_v4_layer2_tb/p_mon  File: C:/project/vivado/P_30_A/sim/conv_v4_layer2_tb.vhd
Note: [mon] t= state=24 oh=0 ow=4 oc_tb=0 busy='1'
Time: 2200 us  Iteration: 0  Process: /conv_v4_layer2_tb/p_mon  File: C:/project/vivado/P_30_A/sim/conv_v4_layer2_tb.vhd
Note: [mon] t= state=25 oh=0 ow=4 oc_tb=0 busy='1'
Time: 2250 us  Iteration: 0  Process: /conv_v4_layer2_tb/p_mon  File: C:/project/vivado/P_30_A/sim/conv_v4_layer2_tb.vhd
Note: [mon] t= state=25 oh=0 ow=4 oc_tb=0 busy='1'
Time: 2300 us  Iteration: 0  Process: /conv_v4_layer2_tb/p_mon  File: C:/project/vivado/P_30_A/sim/conv_v4_layer2_tb.vhd
Note: [mon] t= state=24 oh=0 ow=4 oc_tb=0 busy='1'
Time: 2350 us  Iteration: 0  Process: /conv_v4_layer2_tb/p_mon  File: C:/project/vivado/P_30_A/sim/conv_v4_layer2_tb.vhd
Note: [mon] t= state=20 oh=1 ow=0 oc_tb=0 busy='1'
Time: 2400 us  Iteration: 0  Process: /conv_v4_layer2_tb/p_mon  File: C:/project/vivado/P_30_A/sim/conv_v4_layer2_tb.vhd
Note: [mon] t= state=22 oh=1 ow=0 oc_tb=0 busy='1'
Time: 2450 us  Iteration: 0  Process: /conv_v4_layer2_tb/p_mon  File: C:/project/vivado/P_30_A/sim/conv_v4_layer2_tb.vhd
Note: [mon] t= state=21 oh=1 ow=0 oc_tb=0 busy='1'
Time: 2500 us  Iteration: 0  Process: /conv_v4_layer2_tb/p_mon  File: C:/project/vivado/P_30_A/sim/conv_v4_layer2_tb.vhd
Note: [mon] t= state=20 oh=1 ow=0 oc_tb=0 busy='1'
Time: 2550 us  Iteration: 0  Process: /conv_v4_layer2_tb/p_mon  File: C:/project/vivado/P_30_A/sim/conv_v4_layer2_tb.vhd
Note: [mon] t= state=22 oh=1 ow=0 oc_tb=0 busy='1'
Time: 2600 us  Iteration: 0  Process: /conv_v4_layer2_tb/p_mon  File: C:/project/vivado/P_30_A/sim/conv_v4_layer2_tb.vhd
Note: [mon] t= state=21 oh=1 ow=0 oc_tb=0 busy='1'
Time: 2650 us  Iteration: 0  Process: /conv_v4_layer2_tb/p_mon  File: C:/project/vivado/P_30_A/sim/conv_v4_layer2_tb.vhd
Note: [mon] t= state=24 oh=1 ow=0 oc_tb=0 busy='1'
Time: 2700 us  Iteration: 0  Process: /conv_v4_layer2_tb/p_mon  File: C:/project/vivado/P_30_A/sim/conv_v4_layer2_tb.vhd
Note: [mon] t= state=25 oh=1 ow=0 oc_tb=0 busy='1'
Time: 2750 us  Iteration: 0  Process: /conv_v4_layer2_tb/p_mon  File: C:/project/vivado/P_30_A/sim/conv_v4_layer2_tb.vhd
Note: [mon] t= state=25 oh=1 ow=0 oc_tb=0 busy='1'
Time: 2800 us  Iteration: 0  Process: /conv_v4_layer2_tb/p_mon  File: C:/project/vivado/P_30_A/sim/conv_v4_layer2_tb.vhd
Note: [mon] t= state=24 oh=1 ow=0 oc_tb=0 busy='1'
Time: 2850 us  Iteration: 0  Process: /conv_v4_layer2_tb/p_mon  File: C:/project/vivado/P_30_A/sim/conv_v4_layer2_tb.vhd
Note: [mon] t= state=20 oh=1 ow=1 oc_tb=0 busy='1'
Time: 2900 us  Iteration: 0  Process: /conv_v4_layer2_tb/p_mon  File: C:/project/vivado/P_30_A/sim/conv_v4_layer2_tb.vhd
Note: [mon] t= state=22 oh=1 ow=1 oc_tb=0 busy='1'
Time: 2950 us  Iteration: 0  Process: /conv_v4_layer2_tb/p_mon  File: C:/project/vivado/P_30_A/sim/conv_v4_layer2_tb.vhd
Note: [mon] t= state=21 oh=1 ow=1 oc_tb=0 busy='1'
Time: 3 ms  Iteration: 0  Process: /conv_v4_layer2_tb/p_mon  File: C:/project/vivado/P_30_A/sim/conv_v4_layer2_tb.vhd
Note: [mon] t= state=20 oh=1 ow=1 oc_tb=0 busy='1'
Time: 3050 us  Iteration: 0  Process: /conv_v4_layer2_tb/p_mon  File: C:/project/vivado/P_30_A/sim/conv_v4_layer2_tb.vhd
Note: [mon] t= state=22 oh=1 ow=1 oc_tb=0 busy='1'
Time: 3100 us  Iteration: 0  Process: /conv_v4_layer2_tb/p_mon  File: C:/project/vivado/P_30_A/sim/conv_v4_layer2_tb.vhd
Note: [mon] t= state=21 oh=1 ow=1 oc_tb=0 busy='1'
Time: 3150 us  Iteration: 0  Process: /conv_v4_layer2_tb/p_mon  File: C:/project/vivado/P_30_A/sim/conv_v4_layer2_tb.vhd
Note: [mon] t= state=25 oh=1 ow=1 oc_tb=0 busy='1'
Time: 3200 us  Iteration: 0  Process: /conv_v4_layer2_tb/p_mon  File: C:/project/vivado/P_30_A/sim/conv_v4_layer2_tb.vhd
Note: [mon] t= state=24 oh=1 ow=1 oc_tb=0 busy='1'
Time: 3250 us  Iteration: 0  Process: /conv_v4_layer2_tb/p_mon  File: C:/project/vivado/P_30_A/sim/conv_v4_layer2_tb.vhd
Note: [mon] t= state=24 oh=1 ow=1 oc_tb=0 busy='1'
Time: 3300 us  Iteration: 0  Process: /conv_v4_layer2_tb/p_mon  File: C:/project/vivado/P_30_A/sim/conv_v4_layer2_tb.vhd
Note: [mon] t= state=25 oh=1 ow=1 oc_tb=0 busy='1'
Time: 3350 us  Iteration: 0  Process: /conv_v4_layer2_tb/p_mon  File: C:/project/vivado/P_30_A/sim/conv_v4_layer2_tb.vhd
Note: [mon] t= state=20 oh=1 ow=2 oc_tb=0 busy='1'
Time: 3400 us  Iteration: 0  Process: /conv_v4_layer2_tb/p_mon  File: C:/project/vivado/P_30_A/sim/conv_v4_layer2_tb.vhd
Note: [mon] t= state=22 oh=1 ow=2 oc_tb=0 busy='1'
Time: 3450 us  Iteration: 0  Process: /conv_v4_layer2_tb/p_mon  File: C:/project/vivado/P_30_A/sim/conv_v4_layer2_tb.vhd
Note: [mon] t= state=21 oh=1 ow=2 oc_tb=0 busy='1'
Time: 3500 us  Iteration: 0  Process: /conv_v4_layer2_tb/p_mon  File: C:/project/vivado/P_30_A/sim/conv_v4_layer2_tb.vhd
Note: [mon] t= state=20 oh=1 ow=2 oc_tb=0 busy='1'
Time: 3550 us  Iteration: 0  Process: /conv_v4_layer2_tb/p_mon  File: C:/project/vivado/P_30_A/sim/conv_v4_layer2_tb.vhd
Note: [mon] t= state=22 oh=1 ow=2 oc_tb=0 busy='1'
Time: 3600 us  Iteration: 0  Process: /conv_v4_layer2_tb/p_mon  File: C:/project/vivado/P_30_A/sim/conv_v4_layer2_tb.vhd
Note: [mon] t= state=24 oh=1 ow=2 oc_tb=0 busy='1'
Time: 3650 us  Iteration: 0  Process: /conv_v4_layer2_tb/p_mon  File: C:/project/vivado/P_30_A/sim/conv_v4_layer2_tb.vhd
Note: [mon] t= state=25 oh=1 ow=2 oc_tb=0 busy='1'
Time: 3700 us  Iteration: 0  Process: /conv_v4_layer2_tb/p_mon  File: C:/project/vivado/P_30_A/sim/conv_v4_layer2_tb.vhd
Note: [mon] t= state=25 oh=1 ow=2 oc_tb=0 busy='1'
Time: 3750 us  Iteration: 0  Process: /conv_v4_layer2_tb/p_mon  File: C:/project/vivado/P_30_A/sim/conv_v4_layer2_tb.vhd
Note: [mon] t= state=27 oh=1 ow=2 oc_tb=0 busy='1'
Time: 3800 us  Iteration: 0  Process: /conv_v4_layer2_tb/p_mon  File: C:/project/vivado/P_30_A/sim/conv_v4_layer2_tb.vhd
Note: [mon] t= state=21 oh=1 ow=3 oc_tb=0 busy='1'
Time: 3850 us  Iteration: 0  Process: /conv_v4_layer2_tb/p_mon  File: C:/project/vivado/P_30_A/sim/conv_v4_layer2_tb.vhd
Note: [mon] t= state=20 oh=1 ow=3 oc_tb=0 busy='1'
Time: 3900 us  Iteration: 0  Process: /conv_v4_layer2_tb/p_mon  File: C:/project/vivado/P_30_A/sim/conv_v4_layer2_tb.vhd
Note: [mon] t= state=22 oh=1 ow=3 oc_tb=0 busy='1'
Time: 3950 us  Iteration: 0  Process: /conv_v4_layer2_tb/p_mon  File: C:/project/vivado/P_30_A/sim/conv_v4_layer2_tb.vhd
Note: [mon] t= state=21 oh=1 ow=3 oc_tb=0 busy='1'
Time: 4 ms  Iteration: 0  Process: /conv_v4_layer2_tb/p_mon  File: C:/project/vivado/P_30_A/sim/conv_v4_layer2_tb.vhd
Note: [mon] t= state=20 oh=1 ow=3 oc_tb=0 busy='1'
Time: 4050 us  Iteration: 0  Process: /conv_v4_layer2_tb/p_mon  File: C:/project/vivado/P_30_A/sim/conv_v4_layer2_tb.vhd
Note: [mon] t= state=22 oh=1 ow=3 oc_tb=0 busy='1'
Time: 4100 us  Iteration: 0  Process: /conv_v4_layer2_tb/p_mon  File: C:/project/vivado/P_30_A/sim/conv_v4_layer2_tb.vhd
Note: [mon] t= state=25 oh=1 ow=3 oc_tb=0 busy='1'
Time: 4150 us  Iteration: 0  Process: /conv_v4_layer2_tb/p_mon  File: C:/project/vivado/P_30_A/sim/conv_v4_layer2_tb.vhd
Note: [mon] t= state=24 oh=1 ow=3 oc_tb=0 busy='1'
Time: 4200 us  Iteration: 0  Process: /conv_v4_layer2_tb/p_mon  File: C:/project/vivado/P_30_A/sim/conv_v4_layer2_tb.vhd
Note: [mon] t= state=24 oh=1 ow=3 oc_tb=0 busy='1'
Time: 4250 us  Iteration: 0  Process: /conv_v4_layer2_tb/p_mon  File: C:/project/vivado/P_30_A/sim/conv_v4_layer2_tb.vhd
Note: [mon] t= state=25 oh=1 ow=3 oc_tb=0 busy='1'
Time: 4300 us  Iteration: 0  Process: /conv_v4_layer2_tb/p_mon  File: C:/project/vivado/P_30_A/sim/conv_v4_layer2_tb.vhd
Note: [mon] t= state=21 oh=1 ow=4 oc_tb=0 busy='1'
Time: 4350 us  Iteration: 0  Process: /conv_v4_layer2_tb/p_mon  File: C:/project/vivado/P_30_A/sim/conv_v4_layer2_tb.vhd
Note: [mon] t= state=20 oh=1 ow=4 oc_tb=0 busy='1'
Time: 4400 us  Iteration: 0  Process: /conv_v4_layer2_tb/p_mon  File: C:/project/vivado/P_30_A/sim/conv_v4_layer2_tb.vhd
Note: [mon] t= state=22 oh=1 ow=4 oc_tb=0 busy='1'
Time: 4450 us  Iteration: 0  Process: /conv_v4_layer2_tb/p_mon  File: C:/project/vivado/P_30_A/sim/conv_v4_layer2_tb.vhd
Note: [mon] t= state=21 oh=1 ow=4 oc_tb=0 busy='1'
Time: 4500 us  Iteration: 0  Process: /conv_v4_layer2_tb/p_mon  File: C:/project/vivado/P_30_A/sim/conv_v4_layer2_tb.vhd
Note: [mon] t= state=20 oh=1 ow=4 oc_tb=0 busy='1'
Time: 4550 us  Iteration: 0  Process: /conv_v4_layer2_tb/p_mon  File: C:/project/vivado/P_30_A/sim/conv_v4_layer2_tb.vhd
Note: [mon] t= state=24 oh=1 ow=4 oc_tb=0 busy='1'
Time: 4600 us  Iteration: 0  Process: /conv_v4_layer2_tb/p_mon  File: C:/project/vivado/P_30_A/sim/conv_v4_layer2_tb.vhd
Note: [mon] t= state=24 oh=1 ow=4 oc_tb=0 busy='1'
Time: 4650 us  Iteration: 0  Process: /conv_v4_layer2_tb/p_mon  File: C:/project/vivado/P_30_A/sim/conv_v4_layer2_tb.vhd
Note: [mon] t= state=25 oh=1 ow=4 oc_tb=0 busy='1'
Time: 4700 us  Iteration: 0  Process: /conv_v4_layer2_tb/p_mon  File: C:/project/vivado/P_30_A/sim/conv_v4_layer2_tb.vhd
Note: [mon] t= state=25 oh=1 ow=4 oc_tb=0 busy='1'
Time: 4750 us  Iteration: 0  Process: /conv_v4_layer2_tb/p_mon  File: C:/project/vivado/P_30_A/sim/conv_v4_layer2_tb.vhd
Note: [mon] t= state=21 oh=2 ow=0 oc_tb=0 busy='1'
Time: 4800 us  Iteration: 0  Process: /conv_v4_layer2_tb/p_mon  File: C:/project/vivado/P_30_A/sim/conv_v4_layer2_tb.vhd
Note: [mon] t= state=20 oh=2 ow=0 oc_tb=0 busy='1'
Time: 4850 us  Iteration: 0  Process: /conv_v4_layer2_tb/p_mon  File: C:/project/vivado/P_30_A/sim/conv_v4_layer2_tb.vhd
Note: [mon] t= state=22 oh=2 ow=0 oc_tb=0 busy='1'
Time: 4900 us  Iteration: 0  Process: /conv_v4_layer2_tb/p_mon  File: C:/project/vivado/P_30_A/sim/conv_v4_layer2_tb.vhd
Note: [mon] t= state=21 oh=2 ow=0 oc_tb=0 busy='1'
Time: 4950 us  Iteration: 0  Process: /conv_v4_layer2_tb/p_mon  File: C:/project/vivado/P_30_A/sim/conv_v4_layer2_tb.vhd
Note: [mon] t= state=20 oh=2 ow=0 oc_tb=0 busy='1'
Time: 5 ms  Iteration: 0  Process: /conv_v4_layer2_tb/p_mon  File: C:/project/vivado/P_30_A/sim/conv_v4_layer2_tb.vhd
Note: [mon] t= state=22 oh=2 ow=0 oc_tb=0 busy='1'
Time: 5050 us  Iteration: 0  Process: /conv_v4_layer2_tb/p_mon  File: C:/project/vivado/P_30_A/sim/conv_v4_layer2_tb.vhd
Note: [mon] t= state=24 oh=2 ow=0 oc_tb=0 busy='1'
Time: 5100 us  Iteration: 0  Process: /conv_v4_layer2_tb/p_mon  File: C:/project/vivado/P_30_A/sim/conv_v4_layer2_tb.vhd
Note: [mon] t= state=26 oh=2 ow=0 oc_tb=0 busy='1'
Time: 5150 us  Iteration: 0  Process: /conv_v4_layer2_tb/p_mon  File: C:/project/vivado/P_30_A/sim/conv_v4_layer2_tb.vhd
Note: [mon] t= state=25 oh=2 ow=0 oc_tb=0 busy='1'
Time: 5200 us  Iteration: 0  Process: /conv_v4_layer2_tb/p_mon  File: C:/project/vivado/P_30_A/sim/conv_v4_layer2_tb.vhd
Note: [mon] t= state=25 oh=2 ow=0 oc_tb=0 busy='1'
Time: 5250 us  Iteration: 0  Process: /conv_v4_layer2_tb/p_mon  File: C:/project/vivado/P_30_A/sim/conv_v4_layer2_tb.vhd
Note: [mon] t= state=21 oh=2 ow=1 oc_tb=0 busy='1'
Time: 5300 us  Iteration: 0  Process: /conv_v4_layer2_tb/p_mon  File: C:/project/vivado/P_30_A/sim/conv_v4_layer2_tb.vhd
Note: [mon] t= state=20 oh=2 ow=1 oc_tb=0 busy='1'
Time: 5350 us  Iteration: 0  Process: /conv_v4_layer2_tb/p_mon  File: C:/project/vivado/P_30_A/sim/conv_v4_layer2_tb.vhd
Note: [mon] t= state=22 oh=2 ow=1 oc_tb=0 busy='1'
Time: 5400 us  Iteration: 0  Process: /conv_v4_layer2_tb/p_mon  File: C:/project/vivado/P_30_A/sim/conv_v4_layer2_tb.vhd
Note: [mon] t= state=21 oh=2 ow=1 oc_tb=0 busy='1'
Time: 5450 us  Iteration: 0  Process: /conv_v4_layer2_tb/p_mon  File: C:/project/vivado/P_30_A/sim/conv_v4_layer2_tb.vhd
Note: [mon] t= state=20 oh=2 ow=1 oc_tb=0 busy='1'
Time: 5500 us  Iteration: 0  Process: /conv_v4_layer2_tb/p_mon  File: C:/project/vivado/P_30_A/sim/conv_v4_layer2_tb.vhd
Note: [mon] t= state=25 oh=2 ow=1 oc_tb=0 busy='1'
Time: 5550 us  Iteration: 0  Process: /conv_v4_layer2_tb/p_mon  File: C:/project/vivado/P_30_A/sim/conv_v4_layer2_tb.vhd
Note: [mon] t= state=25 oh=2 ow=1 oc_tb=0 busy='1'
Time: 5600 us  Iteration: 0  Process: /conv_v4_layer2_tb/p_mon  File: C:/project/vivado/P_30_A/sim/conv_v4_layer2_tb.vhd
Note: [mon] t= state=24 oh=2 ow=1 oc_tb=0 busy='1'
Time: 5650 us  Iteration: 0  Process: /conv_v4_layer2_tb/p_mon  File: C:/project/vivado/P_30_A/sim/conv_v4_layer2_tb.vhd
Note: [mon] t= state=24 oh=2 ow=1 oc_tb=0 busy='1'
Time: 5700 us  Iteration: 0  Process: /conv_v4_layer2_tb/p_mon  File: C:/project/vivado/P_30_A/sim/conv_v4_layer2_tb.vhd
Note: [mon] t= state=22 oh=2 ow=2 oc_tb=0 busy='1'
Time: 5750 us  Iteration: 0  Process: /conv_v4_layer2_tb/p_mon  File: C:/project/vivado/P_30_A/sim/conv_v4_layer2_tb.vhd
Note: [mon] t= state=21 oh=2 ow=2 oc_tb=0 busy='1'
Time: 5800 us  Iteration: 0  Process: /conv_v4_layer2_tb/p_mon  File: C:/project/vivado/P_30_A/sim/conv_v4_layer2_tb.vhd
Note: [mon] t= state=20 oh=2 ow=2 oc_tb=0 busy='1'
Time: 5850 us  Iteration: 0  Process: /conv_v4_layer2_tb/p_mon  File: C:/project/vivado/P_30_A/sim/conv_v4_layer2_tb.vhd
Note: [mon] t= state=22 oh=2 ow=2 oc_tb=0 busy='1'
Time: 5900 us  Iteration: 0  Process: /conv_v4_layer2_tb/p_mon  File: C:/project/vivado/P_30_A/sim/conv_v4_layer2_tb.vhd
Note: [mon] t= state=21 oh=2 ow=2 oc_tb=0 busy='1'
Time: 5950 us  Iteration: 0  Process: /conv_v4_layer2_tb/p_mon  File: C:/project/vivado/P_30_A/sim/conv_v4_layer2_tb.vhd
Note: [mon] t= state=20 oh=2 ow=2 oc_tb=0 busy='1'
Time: 6 ms  Iteration: 0  Process: /conv_v4_layer2_tb/p_mon  File: C:/project/vivado/P_30_A/sim/conv_v4_layer2_tb.vhd
Note: [mon] t= state=24 oh=2 ow=2 oc_tb=0 busy='1'
Time: 6050 us  Iteration: 0  Process: /conv_v4_layer2_tb/p_mon  File: C:/project/vivado/P_30_A/sim/conv_v4_layer2_tb.vhd
Note: [mon] t= state=24 oh=2 ow=2 oc_tb=0 busy='1'
Time: 6100 us  Iteration: 0  Process: /conv_v4_layer2_tb/p_mon  File: C:/project/vivado/P_30_A/sim/conv_v4_layer2_tb.vhd
Note: [mon] t= state=25 oh=2 ow=2 oc_tb=0 busy='1'
Time: 6150 us  Iteration: 0  Process: /conv_v4_layer2_tb/p_mon  File: C:/project/vivado/P_30_A/sim/conv_v4_layer2_tb.vhd
Note: [mon] t= state=25 oh=2 ow=2 oc_tb=0 busy='1'
Time: 6200 us  Iteration: 0  Process: /conv_v4_layer2_tb/p_mon  File: C:/project/vivado/P_30_A/sim/conv_v4_layer2_tb.vhd
Note: [mon] t= state=22 oh=2 ow=3 oc_tb=0 busy='1'
Time: 6250 us  Iteration: 0  Process: /conv_v4_layer2_tb/p_mon  File: C:/project/vivado/P_30_A/sim/conv_v4_layer2_tb.vhd
Note: [mon] t= state=21 oh=2 ow=3 oc_tb=0 busy='1'
Time: 6300 us  Iteration: 0  Process: /conv_v4_layer2_tb/p_mon  File: C:/project/vivado/P_30_A/sim/conv_v4_layer2_tb.vhd
Note: [mon] t= state=20 oh=2 ow=3 oc_tb=0 busy='1'
Time: 6350 us  Iteration: 0  Process: /conv_v4_layer2_tb/p_mon  File: C:/project/vivado/P_30_A/sim/conv_v4_layer2_tb.vhd
Note: [mon] t= state=22 oh=2 ow=3 oc_tb=0 busy='1'
Time: 6400 us  Iteration: 0  Process: /conv_v4_layer2_tb/p_mon  File: C:/project/vivado/P_30_A/sim/conv_v4_layer2_tb.vhd
Note: [mon] t= state=21 oh=2 ow=3 oc_tb=0 busy='1'
Time: 6450 us  Iteration: 0  Process: /conv_v4_layer2_tb/p_mon  File: C:/project/vivado/P_30_A/sim/conv_v4_layer2_tb.vhd
Note: [mon] t= state=20 oh=2 ow=3 oc_tb=0 busy='1'
Time: 6500 us  Iteration: 0  Process: /conv_v4_layer2_tb/p_mon  File: C:/project/vivado/P_30_A/sim/conv_v4_layer2_tb.vhd
Note: [mon] t= state=25 oh=2 ow=3 oc_tb=0 busy='1'
Time: 6550 us  Iteration: 0  Process: /conv_v4_layer2_tb/p_mon  File: C:/project/vivado/P_30_A/sim/conv_v4_layer2_tb.vhd
Note: [mon] t= state=25 oh=2 ow=3 oc_tb=0 busy='1'
Time: 6600 us  Iteration: 0  Process: /conv_v4_layer2_tb/p_mon  File: C:/project/vivado/P_30_A/sim/conv_v4_layer2_tb.vhd
Note: [mon] t= state=24 oh=2 ow=3 oc_tb=0 busy='1'
Time: 6650 us  Iteration: 0  Process: /conv_v4_layer2_tb/p_mon  File: C:/project/vivado/P_30_A/sim/conv_v4_layer2_tb.vhd
Note: [mon] t= state=24 oh=2 ow=3 oc_tb=0 busy='1'
Time: 6700 us  Iteration: 0  Process: /conv_v4_layer2_tb/p_mon  File: C:/project/vivado/P_30_A/sim/conv_v4_layer2_tb.vhd
Note: [mon] t= state=22 oh=2 ow=4 oc_tb=0 busy='1'
Time: 6750 us  Iteration: 0  Process: /conv_v4_layer2_tb/p_mon  File: C:/project/vivado/P_30_A/sim/conv_v4_layer2_tb.vhd
Note: [mon] t= state=21 oh=2 ow=4 oc_tb=0 busy='1'
Time: 6800 us  Iteration: 0  Process: /conv_v4_layer2_tb/p_mon  File: C:/project/vivado/P_30_A/sim/conv_v4_layer2_tb.vhd
Note: [mon] t= state=20 oh=2 ow=4 oc_tb=0 busy='1'
Time: 6850 us  Iteration: 0  Process: /conv_v4_layer2_tb/p_mon  File: C:/project/vivado/P_30_A/sim/conv_v4_layer2_tb.vhd
Note: [mon] t= state=22 oh=2 ow=4 oc_tb=0 busy='1'
Time: 6900 us  Iteration: 0  Process: /conv_v4_layer2_tb/p_mon  File: C:/project/vivado/P_30_A/sim/conv_v4_layer2_tb.vhd
Note: [mon] t= state=21 oh=2 ow=4 oc_tb=0 busy='1'
Time: 6950 us  Iteration: 0  Process: /conv_v4_layer2_tb/p_mon  File: C:/project/vivado/P_30_A/sim/conv_v4_layer2_tb.vhd
Note: [mon] t= state=24 oh=2 ow=4 oc_tb=0 busy='1'
Time: 7 ms  Iteration: 0  Process: /conv_v4_layer2_tb/p_mon  File: C:/project/vivado/P_30_A/sim/conv_v4_layer2_tb.vhd
Note: [mon] t= state=24 oh=2 ow=4 oc_tb=0 busy='1'
Time: 7050 us  Iteration: 0  Process: /conv_v4_layer2_tb/p_mon  File: C:/project/vivado/P_30_A/sim/conv_v4_layer2_tb.vhd
Note: [mon] t= state=23 oh=2 ow=4 oc_tb=0 busy='1'
Time: 7100 us  Iteration: 0  Process: /conv_v4_layer2_tb/p_mon  File: C:/project/vivado/P_30_A/sim/conv_v4_layer2_tb.vhd
Note: [mon] t= state=25 oh=2 ow=4 oc_tb=0 busy='1'
Time: 7150 us  Iteration: 0  Process: /conv_v4_layer2_tb/p_mon  File: C:/project/vivado/P_30_A/sim/conv_v4_layer2_tb.vhd
Note: [mon] t= state=22 oh=3 ow=0 oc_tb=0 busy='1'
Time: 7200 us  Iteration: 0  Process: /conv_v4_layer2_tb/p_mon  File: C:/project/vivado/P_30_A/sim/conv_v4_layer2_tb.vhd
Note: [mon] t= state=21 oh=3 ow=0 oc_tb=0 busy='1'
Time: 7250 us  Iteration: 0  Process: /conv_v4_layer2_tb/p_mon  File: C:/project/vivado/P_30_A/sim/conv_v4_layer2_tb.vhd
Note: [mon] t= state=20 oh=3 ow=0 oc_tb=0 busy='1'
Time: 7300 us  Iteration: 0  Process: /conv_v4_layer2_tb/p_mon  File: C:/project/vivado/P_30_A/sim/conv_v4_layer2_tb.vhd
Note: [mon] t= state=22 oh=3 ow=0 oc_tb=0 busy='1'
Time: 7350 us  Iteration: 0  Process: /conv_v4_layer2_tb/p_mon  File: C:/project/vivado/P_30_A/sim/conv_v4_layer2_tb.vhd
Note: [mon] t= state=21 oh=3 ow=0 oc_tb=0 busy='1'
Time: 7400 us  Iteration: 0  Process: /conv_v4_layer2_tb/p_mon  File: C:/project/vivado/P_30_A/sim/conv_v4_layer2_tb.vhd
Note: [mon] t= state=20 oh=3 ow=0 oc_tb=0 busy='1'
Time: 7450 us  Iteration: 0  Process: /conv_v4_layer2_tb/p_mon  File: C:/project/vivado/P_30_A/sim/conv_v4_layer2_tb.vhd
Note: [mon] t= state=24 oh=3 ow=0 oc_tb=0 busy='1'
Time: 7500 us  Iteration: 0  Process: /conv_v4_layer2_tb/p_mon  File: C:/project/vivado/P_30_A/sim/conv_v4_layer2_tb.vhd
Note: [mon] t= state=24 oh=3 ow=0 oc_tb=0 busy='1'
Time: 7550 us  Iteration: 0  Process: /conv_v4_layer2_tb/p_mon  File: C:/project/vivado/P_30_A/sim/conv_v4_layer2_tb.vhd
Note: [mon] t= state=25 oh=3 ow=0 oc_tb=0 busy='1'
Time: 7600 us  Iteration: 0  Process: /conv_v4_layer2_tb/p_mon  File: C:/project/vivado/P_30_A/sim/conv_v4_layer2_tb.vhd
Note: [mon] t= state=25 oh=3 ow=0 oc_tb=0 busy='1'
Time: 7650 us  Iteration: 0  Process: /conv_v4_layer2_tb/p_mon  File: C:/project/vivado/P_30_A/sim/conv_v4_layer2_tb.vhd
Note: [mon] t= state=22 oh=3 ow=1 oc_tb=0 busy='1'
Time: 7700 us  Iteration: 0  Process: /conv_v4_layer2_tb/p_mon  File: C:/project/vivado/P_30_A/sim/conv_v4_layer2_tb.vhd
Note: [mon] t= state=21 oh=3 ow=1 oc_tb=0 busy='1'
Time: 7750 us  Iteration: 0  Process: /conv_v4_layer2_tb/p_mon  File: C:/project/vivado/P_30_A/sim/conv_v4_layer2_tb.vhd
Note: [mon] t= state=20 oh=3 ow=1 oc_tb=0 busy='1'
Time: 7800 us  Iteration: 0  Process: /conv_v4_layer2_tb/p_mon  File: C:/project/vivado/P_30_A/sim/conv_v4_layer2_tb.vhd
Note: [mon] t= state=22 oh=3 ow=1 oc_tb=0 busy='1'
Time: 7850 us  Iteration: 0  Process: /conv_v4_layer2_tb/p_mon  File: C:/project/vivado/P_30_A/sim/conv_v4_layer2_tb.vhd
Note: [mon] t= state=21 oh=3 ow=1 oc_tb=0 busy='1'
Time: 7900 us  Iteration: 0  Process: /conv_v4_layer2_tb/p_mon  File: C:/project/vivado/P_30_A/sim/conv_v4_layer2_tb.vhd
Note: [mon] t= state=24 oh=3 ow=1 oc_tb=0 busy='1'
Time: 7950 us  Iteration: 0  Process: /conv_v4_layer2_tb/p_mon  File: C:/project/vivado/P_30_A/sim/conv_v4_layer2_tb.vhd
Note: [mon] t= state=25 oh=3 ow=1 oc_tb=0 busy='1'
Time: 8 ms  Iteration: 0  Process: /conv_v4_layer2_tb/p_mon  File: C:/project/vivado/P_30_A/sim/conv_v4_layer2_tb.vhd
Note: [mon] t= state=25 oh=3 ow=1 oc_tb=0 busy='1'
Time: 8050 us  Iteration: 0  Process: /conv_v4_layer2_tb/p_mon  File: C:/project/vivado/P_30_A/sim/conv_v4_layer2_tb.vhd
Note: [mon] t= state=24 oh=3 ow=1 oc_tb=0 busy='1'
Time: 8100 us  Iteration: 0  Process: /conv_v4_layer2_tb/p_mon  File: C:/project/vivado/P_30_A/sim/conv_v4_layer2_tb.vhd
Note: [mon] t= state=20 oh=3 ow=2 oc_tb=0 busy='1'
Time: 8150 us  Iteration: 0  Process: /conv_v4_layer2_tb/p_mon  File: C:/project/vivado/P_30_A/sim/conv_v4_layer2_tb.vhd
Note: [mon] t= state=22 oh=3 ow=2 oc_tb=0 busy='1'
Time: 8200 us  Iteration: 0  Process: /conv_v4_layer2_tb/p_mon  File: C:/project/vivado/P_30_A/sim/conv_v4_layer2_tb.vhd
Note: [mon] t= state=21 oh=3 ow=2 oc_tb=0 busy='1'
Time: 8250 us  Iteration: 0  Process: /conv_v4_layer2_tb/p_mon  File: C:/project/vivado/P_30_A/sim/conv_v4_layer2_tb.vhd
Note: [mon] t= state=20 oh=3 ow=2 oc_tb=0 busy='1'
Time: 8300 us  Iteration: 0  Process: /conv_v4_layer2_tb/p_mon  File: C:/project/vivado/P_30_A/sim/conv_v4_layer2_tb.vhd
Note: [mon] t= state=22 oh=3 ow=2 oc_tb=0 busy='1'
Time: 8350 us  Iteration: 0  Process: /conv_v4_layer2_tb/p_mon  File: C:/project/vivado/P_30_A/sim/conv_v4_layer2_tb.vhd
Note: [mon] t= state=21 oh=3 ow=2 oc_tb=0 busy='1'
Time: 8400 us  Iteration: 0  Process: /conv_v4_layer2_tb/p_mon  File: C:/project/vivado/P_30_A/sim/conv_v4_layer2_tb.vhd
Note: [mon] t= state=29 oh=3 ow=2 oc_tb=0 busy='1'
Time: 8450 us  Iteration: 0  Process: /conv_v4_layer2_tb/p_mon  File: C:/project/vivado/P_30_A/sim/conv_v4_layer2_tb.vhd
Note: [mon] t= state=24 oh=3 ow=2 oc_tb=0 busy='1'
Time: 8500 us  Iteration: 0  Process: /conv_v4_layer2_tb/p_mon  File: C:/project/vivado/P_30_A/sim/conv_v4_layer2_tb.vhd
Note: [mon] t= state=24 oh=3 ow=2 oc_tb=0 busy='1'
Time: 8550 us  Iteration: 0  Process: /conv_v4_layer2_tb/p_mon  File: C:/project/vivado/P_30_A/sim/conv_v4_layer2_tb.vhd
Note: [mon] t= state=25 oh=3 ow=2 oc_tb=0 busy='1'
Time: 8600 us  Iteration: 0  Process: /conv_v4_layer2_tb/p_mon  File: C:/project/vivado/P_30_A/sim/conv_v4_layer2_tb.vhd
Note: [mon] t= state=20 oh=3 ow=3 oc_tb=0 busy='1'
Time: 8650 us  Iteration: 0  Process: /conv_v4_layer2_tb/p_mon  File: C:/project/vivado/P_30_A/sim/conv_v4_layer2_tb.vhd
Note: [mon] t= state=22 oh=3 ow=3 oc_tb=0 busy='1'
Time: 8700 us  Iteration: 0  Process: /conv_v4_layer2_tb/p_mon  File: C:/project/vivado/P_30_A/sim/conv_v4_layer2_tb.vhd
Note: [mon] t= state=21 oh=3 ow=3 oc_tb=0 busy='1'
Time: 8750 us  Iteration: 0  Process: /conv_v4_layer2_tb/p_mon  File: C:/project/vivado/P_30_A/sim/conv_v4_layer2_tb.vhd
Note: [mon] t= state=20 oh=3 ow=3 oc_tb=0 busy='1'
Time: 8800 us  Iteration: 0  Process: /conv_v4_layer2_tb/p_mon  File: C:/project/vivado/P_30_A/sim/conv_v4_layer2_tb.vhd
Note: [mon] t= state=22 oh=3 ow=3 oc_tb=0 busy='1'
Time: 8850 us  Iteration: 0  Process: /conv_v4_layer2_tb/p_mon  File: C:/project/vivado/P_30_A/sim/conv_v4_layer2_tb.vhd
Note: [mon] t= state=24 oh=3 ow=3 oc_tb=0 busy='1'
Time: 8900 us  Iteration: 0  Process: /conv_v4_layer2_tb/p_mon  File: C:/project/vivado/P_30_A/sim/conv_v4_layer2_tb.vhd
Note: [mon] t= state=25 oh=3 ow=3 oc_tb=0 busy='1'
Time: 8950 us  Iteration: 0  Process: /conv_v4_layer2_tb/p_mon  File: C:/project/vivado/P_30_A/sim/conv_v4_layer2_tb.vhd
Note: [mon] t= state=25 oh=3 ow=3 oc_tb=0 busy='1'
Time: 9 ms  Iteration: 0  Process: /conv_v4_layer2_tb/p_mon  File: C:/project/vivado/P_30_A/sim/conv_v4_layer2_tb.vhd
Note: [mon] t= state=24 oh=3 ow=3 oc_tb=0 busy='1'
Time: 9050 us  Iteration: 0  Process: /conv_v4_layer2_tb/p_mon  File: C:/project/vivado/P_30_A/sim/conv_v4_layer2_tb.vhd
Note: [mon] t= state=21 oh=3 ow=4 oc_tb=0 busy='1'
Time: 9100 us  Iteration: 0  Process: /conv_v4_layer2_tb/p_mon  File: C:/project/vivado/P_30_A/sim/conv_v4_layer2_tb.vhd
Note: [mon] t= state=20 oh=3 ow=4 oc_tb=0 busy='1'
Time: 9150 us  Iteration: 0  Process: /conv_v4_layer2_tb/p_mon  File: C:/project/vivado/P_30_A/sim/conv_v4_layer2_tb.vhd
Note: [mon] t= state=22 oh=3 ow=4 oc_tb=0 busy='1'
Time: 9200 us  Iteration: 0  Process: /conv_v4_layer2_tb/p_mon  File: C:/project/vivado/P_30_A/sim/conv_v4_layer2_tb.vhd
Note: [mon] t= state=21 oh=3 ow=4 oc_tb=0 busy='1'
Time: 9250 us  Iteration: 0  Process: /conv_v4_layer2_tb/p_mon  File: C:/project/vivado/P_30_A/sim/conv_v4_layer2_tb.vhd
Note: [mon] t= state=20 oh=3 ow=4 oc_tb=0 busy='1'
Time: 9300 us  Iteration: 0  Process: /conv_v4_layer2_tb/p_mon  File: C:/project/vivado/P_30_A/sim/conv_v4_layer2_tb.vhd
Note: [mon] t= state=22 oh=3 ow=4 oc_tb=0 busy='1'
Time: 9350 us  Iteration: 0  Process: /conv_v4_layer2_tb/p_mon  File: C:/project/vivado/P_30_A/sim/conv_v4_layer2_tb.vhd
Note: [mon] t= state=25 oh=3 ow=4 oc_tb=0 busy='1'
Time: 9400 us  Iteration: 0  Process: /conv_v4_layer2_tb/p_mon  File: C:/project/vivado/P_30_A/sim/conv_v4_layer2_tb.vhd
Note: [mon] t= state=24 oh=3 ow=4 oc_tb=0 busy='1'
Time: 9450 us  Iteration: 0  Process: /conv_v4_layer2_tb/p_mon  File: C:/project/vivado/P_30_A/sim/conv_v4_layer2_tb.vhd
Note: [mon] t= state=24 oh=3 ow=4 oc_tb=0 busy='1'
Time: 9500 us  Iteration: 0  Process: /conv_v4_layer2_tb/p_mon  File: C:/project/vivado/P_30_A/sim/conv_v4_layer2_tb.vhd
Note: [mon] t= state=25 oh=3 ow=4 oc_tb=0 busy='1'
Time: 9550 us  Iteration: 0  Process: /conv_v4_layer2_tb/p_mon  File: C:/project/vivado/P_30_A/sim/conv_v4_layer2_tb.vhd
Note: [mon] t= state=20 oh=4 ow=0 oc_tb=0 busy='1'
Time: 9600 us  Iteration: 0  Process: /conv_v4_layer2_tb/p_mon  File: C:/project/vivado/P_30_A/sim/conv_v4_layer2_tb.vhd
Note: [mon] t= state=22 oh=4 ow=0 oc_tb=0 busy='1'
Time: 9650 us  Iteration: 0  Process: /conv_v4_layer2_tb/p_mon  File: C:/project/vivado/P_30_A/sim/conv_v4_layer2_tb.vhd
Note: [mon] t= state=21 oh=4 ow=0 oc_tb=0 busy='1'
Time: 9700 us  Iteration: 0  Process: /conv_v4_layer2_tb/p_mon  File: C:/project/vivado/P_30_A/sim/conv_v4_layer2_tb.vhd
Note: [mon] t= state=20 oh=4 ow=0 oc_tb=0 busy='1'
Time: 9750 us  Iteration: 0  Process: /conv_v4_layer2_tb/p_mon  File: C:/project/vivado/P_30_A/sim/conv_v4_layer2_tb.vhd
Note: [mon] t= state=22 oh=4 ow=0 oc_tb=0 busy='1'
Time: 9800 us  Iteration: 0  Process: /conv_v4_layer2_tb/p_mon  File: C:/project/vivado/P_30_A/sim/conv_v4_layer2_tb.vhd
Note: [mon] t= state=21 oh=4 ow=0 oc_tb=0 busy='1'
Time: 9850 us  Iteration: 0  Process: /conv_v4_layer2_tb/p_mon  File: C:/project/vivado/P_30_A/sim/conv_v4_layer2_tb.vhd
Note: [mon] t= state=25 oh=4 ow=0 oc_tb=0 busy='1'
Time: 9900 us  Iteration: 0  Process: /conv_v4_layer2_tb/p_mon  File: C:/project/vivado/P_30_A/sim/conv_v4_layer2_tb.vhd
Note: [mon] t= state=24 oh=4 ow=0 oc_tb=0 busy='1'
Time: 9950 us  Iteration: 0  Process: /conv_v4_layer2_tb/p_mon  File: C:/project/vivado/P_30_A/sim/conv_v4_layer2_tb.vhd
Note: [mon] t= state=24 oh=4 ow=0 oc_tb=0 busy='1'
Time: 10 ms  Iteration: 0  Process: /conv_v4_layer2_tb/p_mon  File: C:/project/vivado/P_30_A/sim/conv_v4_layer2_tb.vhd
Note: [mon] t= state=34 oh=4 ow=0 oc_tb=0 busy='1'
Time: 10050 us  Iteration: 0  Process: /conv_v4_layer2_tb/p_mon  File: C:/project/vivado/P_30_A/sim/conv_v4_layer2_tb.vhd
Note: [mon] t= state=20 oh=4 ow=1 oc_tb=0 busy='1'
Time: 10100 us  Iteration: 0  Process: /conv_v4_layer2_tb/p_mon  File: C:/project/vivado/P_30_A/sim/conv_v4_layer2_tb.vhd
Note: [mon] t= state=22 oh=4 ow=1 oc_tb=0 busy='1'
Time: 10150 us  Iteration: 0  Process: /conv_v4_layer2_tb/p_mon  File: C:/project/vivado/P_30_A/sim/conv_v4_layer2_tb.vhd
Note: [mon] t= state=21 oh=4 ow=1 oc_tb=0 busy='1'
Time: 10200 us  Iteration: 0  Process: /conv_v4_layer2_tb/p_mon  File: C:/project/vivado/P_30_A/sim/conv_v4_layer2_tb.vhd
Note: [mon] t= state=20 oh=4 ow=1 oc_tb=0 busy='1'
Time: 10250 us  Iteration: 0  Process: /conv_v4_layer2_tb/p_mon  File: C:/project/vivado/P_30_A/sim/conv_v4_layer2_tb.vhd
Note: [mon] t= state=22 oh=4 ow=1 oc_tb=0 busy='1'
Time: 10300 us  Iteration: 0  Process: /conv_v4_layer2_tb/p_mon  File: C:/project/vivado/P_30_A/sim/conv_v4_layer2_tb.vhd
Note: [mon] t= state=24 oh=4 ow=1 oc_tb=0 busy='1'
Time: 10350 us  Iteration: 0  Process: /conv_v4_layer2_tb/p_mon  File: C:/project/vivado/P_30_A/sim/conv_v4_layer2_tb.vhd
Note: [mon] t= state=25 oh=4 ow=1 oc_tb=0 busy='1'
Time: 10400 us  Iteration: 0  Process: /conv_v4_layer2_tb/p_mon  File: C:/project/vivado/P_30_A/sim/conv_v4_layer2_tb.vhd
Note: [mon] t= state=25 oh=4 ow=1 oc_tb=0 busy='1'
Time: 10450 us  Iteration: 0  Process: /conv_v4_layer2_tb/p_mon  File: C:/project/vivado/P_30_A/sim/conv_v4_layer2_tb.vhd
Note: [mon] t= state=27 oh=4 ow=1 oc_tb=0 busy='1'
Time: 10500 us  Iteration: 0  Process: /conv_v4_layer2_tb/p_mon  File: C:/project/vivado/P_30_A/sim/conv_v4_layer2_tb.vhd
Note: [mon] t= state=21 oh=4 ow=2 oc_tb=0 busy='1'
Time: 10550 us  Iteration: 0  Process: /conv_v4_layer2_tb/p_mon  File: C:/project/vivado/P_30_A/sim/conv_v4_layer2_tb.vhd
Note: [mon] t= state=20 oh=4 ow=2 oc_tb=0 busy='1'
Time: 10600 us  Iteration: 0  Process: /conv_v4_layer2_tb/p_mon  File: C:/project/vivado/P_30_A/sim/conv_v4_layer2_tb.vhd
Note: [mon] t= state=22 oh=4 ow=2 oc_tb=0 busy='1'
Time: 10650 us  Iteration: 0  Process: /conv_v4_layer2_tb/p_mon  File: C:/project/vivado/P_30_A/sim/conv_v4_layer2_tb.vhd
Note: [mon] t= state=21 oh=4 ow=2 oc_tb=0 busy='1'
Time: 10700 us  Iteration: 0  Process: /conv_v4_layer2_tb/p_mon  File: C:/project/vivado/P_30_A/sim/conv_v4_layer2_tb.vhd
Note: [mon] t= state=20 oh=4 ow=2 oc_tb=0 busy='1'
Time: 10750 us  Iteration: 0  Process: /conv_v4_layer2_tb/p_mon  File: C:/project/vivado/P_30_A/sim/conv_v4_layer2_tb.vhd
Note: [mon] t= state=22 oh=4 ow=2 oc_tb=0 busy='1'
Time: 10800 us  Iteration: 0  Process: /conv_v4_layer2_tb/p_mon  File: C:/project/vivado/P_30_A/sim/conv_v4_layer2_tb.vhd
Note: [mon] t= state=25 oh=4 ow=2 oc_tb=0 busy='1'
Time: 10850 us  Iteration: 0  Process: /conv_v4_layer2_tb/p_mon  File: C:/project/vivado/P_30_A/sim/conv_v4_layer2_tb.vhd
Note: [mon] t= state=24 oh=4 ow=2 oc_tb=0 busy='1'
Time: 10900 us  Iteration: 0  Process: /conv_v4_layer2_tb/p_mon  File: C:/project/vivado/P_30_A/sim/conv_v4_layer2_tb.vhd
Note: [mon] t= state=24 oh=4 ow=2 oc_tb=0 busy='1'
Time: 10950 us  Iteration: 0  Process: /conv_v4_layer2_tb/p_mon  File: C:/project/vivado/P_30_A/sim/conv_v4_layer2_tb.vhd
Note: [mon] t= state=25 oh=4 ow=2 oc_tb=0 busy='1'
Time: 11 ms  Iteration: 0  Process: /conv_v4_layer2_tb/p_mon  File: C:/project/vivado/P_30_A/sim/conv_v4_layer2_tb.vhd
Note: [mon] t= state=21 oh=4 ow=3 oc_tb=0 busy='1'
Time: 11050 us  Iteration: 0  Process: /conv_v4_layer2_tb/p_mon  File: C:/project/vivado/P_30_A/sim/conv_v4_layer2_tb.vhd
Note: [mon] t= state=20 oh=4 ow=3 oc_tb=0 busy='1'
Time: 11100 us  Iteration: 0  Process: /conv_v4_layer2_tb/p_mon  File: C:/project/vivado/P_30_A/sim/conv_v4_layer2_tb.vhd
Note: [mon] t= state=22 oh=4 ow=3 oc_tb=0 busy='1'
Time: 11150 us  Iteration: 0  Process: /conv_v4_layer2_tb/p_mon  File: C:/project/vivado/P_30_A/sim/conv_v4_layer2_tb.vhd
Note: [mon] t= state=21 oh=4 ow=3 oc_tb=0 busy='1'
Time: 11200 us  Iteration: 0  Process: /conv_v4_layer2_tb/p_mon  File: C:/project/vivado/P_30_A/sim/conv_v4_layer2_tb.vhd
Note: [mon] t= state=20 oh=4 ow=3 oc_tb=0 busy='1'
Time: 11250 us  Iteration: 0  Process: /conv_v4_layer2_tb/p_mon  File: C:/project/vivado/P_30_A/sim/conv_v4_layer2_tb.vhd
Note: [mon] t= state=24 oh=4 ow=3 oc_tb=0 busy='1'
Time: 11300 us  Iteration: 0  Process: /conv_v4_layer2_tb/p_mon  File: C:/project/vivado/P_30_A/sim/conv_v4_layer2_tb.vhd
Note: [mon] t= state=24 oh=4 ow=3 oc_tb=0 busy='1'
Time: 11350 us  Iteration: 0  Process: /conv_v4_layer2_tb/p_mon  File: C:/project/vivado/P_30_A/sim/conv_v4_layer2_tb.vhd
Note: [mon] t= state=25 oh=4 ow=3 oc_tb=0 busy='1'
Time: 11400 us  Iteration: 0  Process: /conv_v4_layer2_tb/p_mon  File: C:/project/vivado/P_30_A/sim/conv_v4_layer2_tb.vhd
Note: [mon] t= state=25 oh=4 ow=3 oc_tb=0 busy='1'
Time: 11450 us  Iteration: 0  Process: /conv_v4_layer2_tb/p_mon  File: C:/project/vivado/P_30_A/sim/conv_v4_layer2_tb.vhd
Note: [mon] t= state=22 oh=4 ow=4 oc_tb=0 busy='1'
Time: 11500 us  Iteration: 0  Process: /conv_v4_layer2_tb/p_mon  File: C:/project/vivado/P_30_A/sim/conv_v4_layer2_tb.vhd
Note: [mon] t= state=21 oh=4 ow=4 oc_tb=0 busy='1'
Time: 11550 us  Iteration: 0  Process: /conv_v4_layer2_tb/p_mon  File: C:/project/vivado/P_30_A/sim/conv_v4_layer2_tb.vhd
Note: [mon] t= state=20 oh=4 ow=4 oc_tb=0 busy='1'
Time: 11600 us  Iteration: 0  Process: /conv_v4_layer2_tb/p_mon  File: C:/project/vivado/P_30_A/sim/conv_v4_layer2_tb.vhd
Note: [mon] t= state=22 oh=4 ow=4 oc_tb=0 busy='1'
Time: 11650 us  Iteration: 0  Process: /conv_v4_layer2_tb/p_mon  File: C:/project/vivado/P_30_A/sim/conv_v4_layer2_tb.vhd
Note: [mon] t= state=21 oh=4 ow=4 oc_tb=0 busy='1'
Time: 11700 us  Iteration: 0  Process: /conv_v4_layer2_tb/p_mon  File: C:/project/vivado/P_30_A/sim/conv_v4_layer2_tb.vhd
Note: [mon] t= state=20 oh=4 ow=4 oc_tb=0 busy='1'
Time: 11750 us  Iteration: 0  Process: /conv_v4_layer2_tb/p_mon  File: C:/project/vivado/P_30_A/sim/conv_v4_layer2_tb.vhd
Note: [mon] t= state=25 oh=4 ow=4 oc_tb=0 busy='1'
Time: 11800 us  Iteration: 0  Process: /conv_v4_layer2_tb/p_mon  File: C:/project/vivado/P_30_A/sim/conv_v4_layer2_tb.vhd
Note: [mon] t= state=27 oh=4 ow=4 oc_tb=0 busy='1'
Time: 11850 us  Iteration: 0  Process: /conv_v4_layer2_tb/p_mon  File: C:/project/vivado/P_30_A/sim/conv_v4_layer2_tb.vhd
Note: [mon] t= state=24 oh=4 ow=4 oc_tb=0 busy='1'
Time: 11900 us  Iteration: 0  Process: /conv_v4_layer2_tb/p_mon  File: C:/project/vivado/P_30_A/sim/conv_v4_layer2_tb.vhd
Note: [mon] t= state=24 oh=4 ow=4 oc_tb=0 busy='1'
Time: 11950 us  Iteration: 0  Process: /conv_v4_layer2_tb/p_mon  File: C:/project/vivado/P_30_A/sim/conv_v4_layer2_tb.vhd
Note: [mon] t= state=21 oh=0 ow=0 oc_tb=32 busy='1'
Time: 12 ms  Iteration: 0  Process: /conv_v4_layer2_tb/p_mon  File: C:/project/vivado/P_30_A/sim/conv_v4_layer2_tb.vhd
Note: [mon] t= state=20 oh=0 ow=0 oc_tb=32 busy='1'
Time: 12050 us  Iteration: 0  Process: /conv_v4_layer2_tb/p_mon  File: C:/project/vivado/P_30_A/sim/conv_v4_layer2_tb.vhd
Note: [mon] t= state=22 oh=0 ow=0 oc_tb=32 busy='1'
Time: 12100 us  Iteration: 0  Process: /conv_v4_layer2_tb/p_mon  File: C:/project/vivado/P_30_A/sim/conv_v4_layer2_tb.vhd
Note: [mon] t= state=21 oh=0 ow=0 oc_tb=32 busy='1'
Time: 12150 us  Iteration: 0  Process: /conv_v4_layer2_tb/p_mon  File: C:/project/vivado/P_30_A/sim/conv_v4_layer2_tb.vhd
Note: [mon] t= state=20 oh=0 ow=0 oc_tb=32 busy='1'
Time: 12200 us  Iteration: 0  Process: /conv_v4_layer2_tb/p_mon  File: C:/project/vivado/P_30_A/sim/conv_v4_layer2_tb.vhd
Note: [mon] t= state=24 oh=0 ow=0 oc_tb=32 busy='1'
Time: 12250 us  Iteration: 0  Process: /conv_v4_layer2_tb/p_mon  File: C:/project/vivado/P_30_A/sim/conv_v4_layer2_tb.vhd
Note: [mon] t= state=23 oh=0 ow=0 oc_tb=32 busy='1'
Time: 12300 us  Iteration: 0  Process: /conv_v4_layer2_tb/p_mon  File: C:/project/vivado/P_30_A/sim/conv_v4_layer2_tb.vhd
Note: [mon] t= state=25 oh=0 ow=0 oc_tb=32 busy='1'
Time: 12350 us  Iteration: 0  Process: /conv_v4_layer2_tb/p_mon  File: C:/project/vivado/P_30_A/sim/conv_v4_layer2_tb.vhd
Note: [mon] t= state=25 oh=0 ow=0 oc_tb=32 busy='1'
Time: 12400 us  Iteration: 0  Process: /conv_v4_layer2_tb/p_mon  File: C:/project/vivado/P_30_A/sim/conv_v4_layer2_tb.vhd
Note: [mon] t= state=22 oh=0 ow=1 oc_tb=32 busy='1'
Time: 12450 us  Iteration: 0  Process: /conv_v4_layer2_tb/p_mon  File: C:/project/vivado/P_30_A/sim/conv_v4_layer2_tb.vhd
Note: [mon] t= state=21 oh=0 ow=1 oc_tb=32 busy='1'
Time: 12500 us  Iteration: 0  Process: /conv_v4_layer2_tb/p_mon  File: C:/project/vivado/P_30_A/sim/conv_v4_layer2_tb.vhd
Note: [mon] t= state=20 oh=0 ow=1 oc_tb=32 busy='1'
Time: 12550 us  Iteration: 0  Process: /conv_v4_layer2_tb/p_mon  File: C:/project/vivado/P_30_A/sim/conv_v4_layer2_tb.vhd
Note: [mon] t= state=22 oh=0 ow=1 oc_tb=32 busy='1'
Time: 12600 us  Iteration: 0  Process: /conv_v4_layer2_tb/p_mon  File: C:/project/vivado/P_30_A/sim/conv_v4_layer2_tb.vhd
Note: [mon] t= state=21 oh=0 ow=1 oc_tb=32 busy='1'
Time: 12650 us  Iteration: 0  Process: /conv_v4_layer2_tb/p_mon  File: C:/project/vivado/P_30_A/sim/conv_v4_layer2_tb.vhd
Note: [mon] t= state=20 oh=0 ow=1 oc_tb=32 busy='1'
Time: 12700 us  Iteration: 0  Process: /conv_v4_layer2_tb/p_mon  File: C:/project/vivado/P_30_A/sim/conv_v4_layer2_tb.vhd
Note: [mon] t= state=25 oh=0 ow=1 oc_tb=32 busy='1'
Time: 12750 us  Iteration: 0  Process: /conv_v4_layer2_tb/p_mon  File: C:/project/vivado/P_30_A/sim/conv_v4_layer2_tb.vhd
Note: [mon] t= state=24 oh=0 ow=1 oc_tb=32 busy='1'
Time: 12800 us  Iteration: 0  Process: /conv_v4_layer2_tb/p_mon  File: C:/project/vivado/P_30_A/sim/conv_v4_layer2_tb.vhd
Note: [mon] t= state=24 oh=0 ow=1 oc_tb=32 busy='1'
Time: 12850 us  Iteration: 0  Process: /conv_v4_layer2_tb/p_mon  File: C:/project/vivado/P_30_A/sim/conv_v4_layer2_tb.vhd
Note: [mon] t= state=25 oh=0 ow=1 oc_tb=32 busy='1'
Time: 12900 us  Iteration: 0  Process: /conv_v4_layer2_tb/p_mon  File: C:/project/vivado/P_30_A/sim/conv_v4_layer2_tb.vhd
Note: [mon] t= state=22 oh=0 ow=2 oc_tb=32 busy='1'
Time: 12950 us  Iteration: 0  Process: /conv_v4_layer2_tb/p_mon  File: C:/project/vivado/P_30_A/sim/conv_v4_layer2_tb.vhd
Note: [mon] t= state=21 oh=0 ow=2 oc_tb=32 busy='1'
Time: 13 ms  Iteration: 0  Process: /conv_v4_layer2_tb/p_mon  File: C:/project/vivado/P_30_A/sim/conv_v4_layer2_tb.vhd
Note: [mon] t= state=20 oh=0 ow=2 oc_tb=32 busy='1'
Time: 13050 us  Iteration: 0  Process: /conv_v4_layer2_tb/p_mon  File: C:/project/vivado/P_30_A/sim/conv_v4_layer2_tb.vhd
Note: [mon] t= state=22 oh=0 ow=2 oc_tb=32 busy='1'
Time: 13100 us  Iteration: 0  Process: /conv_v4_layer2_tb/p_mon  File: C:/project/vivado/P_30_A/sim/conv_v4_layer2_tb.vhd
Note: [mon] t= state=21 oh=0 ow=2 oc_tb=32 busy='1'
Time: 13150 us  Iteration: 0  Process: /conv_v4_layer2_tb/p_mon  File: C:/project/vivado/P_30_A/sim/conv_v4_layer2_tb.vhd
Note: [mon] t= state=20 oh=0 ow=2 oc_tb=32 busy='1'
Time: 13200 us  Iteration: 0  Process: /conv_v4_layer2_tb/p_mon  File: C:/project/vivado/P_30_A/sim/conv_v4_layer2_tb.vhd
Note: [mon] t= state=24 oh=0 ow=2 oc_tb=32 busy='1'
Time: 13250 us  Iteration: 0  Process: /conv_v4_layer2_tb/p_mon  File: C:/project/vivado/P_30_A/sim/conv_v4_layer2_tb.vhd
Note: [mon] t= state=25 oh=0 ow=2 oc_tb=32 busy='1'
Time: 13300 us  Iteration: 0  Process: /conv_v4_layer2_tb/p_mon  File: C:/project/vivado/P_30_A/sim/conv_v4_layer2_tb.vhd
Note: [mon] t= state=25 oh=0 ow=2 oc_tb=32 busy='1'
Time: 13350 us  Iteration: 0  Process: /conv_v4_layer2_tb/p_mon  File: C:/project/vivado/P_30_A/sim/conv_v4_layer2_tb.vhd
Note: [mon] t= state=24 oh=0 ow=2 oc_tb=32 busy='1'
Time: 13400 us  Iteration: 0  Process: /conv_v4_layer2_tb/p_mon  File: C:/project/vivado/P_30_A/sim/conv_v4_layer2_tb.vhd
Note: [mon] t= state=22 oh=0 ow=3 oc_tb=32 busy='1'
Time: 13450 us  Iteration: 0  Process: /conv_v4_layer2_tb/p_mon  File: C:/project/vivado/P_30_A/sim/conv_v4_layer2_tb.vhd
Note: [mon] t= state=21 oh=0 ow=3 oc_tb=32 busy='1'
Time: 13500 us  Iteration: 0  Process: /conv_v4_layer2_tb/p_mon  File: C:/project/vivado/P_30_A/sim/conv_v4_layer2_tb.vhd
Note: [mon] t= state=20 oh=0 ow=3 oc_tb=32 busy='1'
Time: 13550 us  Iteration: 0  Process: /conv_v4_layer2_tb/p_mon  File: C:/project/vivado/P_30_A/sim/conv_v4_layer2_tb.vhd
Note: [mon] t= state=22 oh=0 ow=3 oc_tb=32 busy='1'
Time: 13600 us  Iteration: 0  Process: /conv_v4_layer2_tb/p_mon  File: C:/project/vivado/P_30_A/sim/conv_v4_layer2_tb.vhd
Note: [mon] t= state=21 oh=0 ow=3 oc_tb=32 busy='1'
Time: 13650 us  Iteration: 0  Process: /conv_v4_layer2_tb/p_mon  File: C:/project/vivado/P_30_A/sim/conv_v4_layer2_tb.vhd
Note: [mon] t= state=25 oh=0 ow=3 oc_tb=32 busy='1'
Time: 13700 us  Iteration: 0  Process: /conv_v4_layer2_tb/p_mon  File: C:/project/vivado/P_30_A/sim/conv_v4_layer2_tb.vhd
Note: [mon] t= state=25 oh=0 ow=3 oc_tb=32 busy='1'
Time: 13750 us  Iteration: 0  Process: /conv_v4_layer2_tb/p_mon  File: C:/project/vivado/P_30_A/sim/conv_v4_layer2_tb.vhd
Note: [mon] t= state=24 oh=0 ow=3 oc_tb=32 busy='1'
Time: 13800 us  Iteration: 0  Process: /conv_v4_layer2_tb/p_mon  File: C:/project/vivado/P_30_A/sim/conv_v4_layer2_tb.vhd
Note: [mon] t= state=24 oh=0 ow=3 oc_tb=32 busy='1'
Time: 13850 us  Iteration: 0  Process: /conv_v4_layer2_tb/p_mon  File: C:/project/vivado/P_30_A/sim/conv_v4_layer2_tb.vhd
Note: [mon] t= state=20 oh=0 ow=4 oc_tb=32 busy='1'
Time: 13900 us  Iteration: 0  Process: /conv_v4_layer2_tb/p_mon  File: C:/project/vivado/P_30_A/sim/conv_v4_layer2_tb.vhd
Note: [mon] t= state=22 oh=0 ow=4 oc_tb=32 busy='1'
Time: 13950 us  Iteration: 0  Process: /conv_v4_layer2_tb/p_mon  File: C:/project/vivado/P_30_A/sim/conv_v4_layer2_tb.vhd
Note: [mon] t= state=21 oh=0 ow=4 oc_tb=32 busy='1'
Time: 14 ms  Iteration: 0  Process: /conv_v4_layer2_tb/p_mon  File: C:/project/vivado/P_30_A/sim/conv_v4_layer2_tb.vhd
Note: [mon] t= state=20 oh=0 ow=4 oc_tb=32 busy='1'
Time: 14050 us  Iteration: 0  Process: /conv_v4_layer2_tb/p_mon  File: C:/project/vivado/P_30_A/sim/conv_v4_layer2_tb.vhd
Note: [mon] t= state=22 oh=0 ow=4 oc_tb=32 busy='1'
Time: 14100 us  Iteration: 0  Process: /conv_v4_layer2_tb/p_mon  File: C:/project/vivado/P_30_A/sim/conv_v4_layer2_tb.vhd
Note: [mon] t= state=21 oh=0 ow=4 oc_tb=32 busy='1'
Time: 14150 us  Iteration: 0  Process: /conv_v4_layer2_tb/p_mon  File: C:/project/vivado/P_30_A/sim/conv_v4_layer2_tb.vhd
Note: [mon] t= state=24 oh=0 ow=4 oc_tb=32 busy='1'
Time: 14200 us  Iteration: 0  Process: /conv_v4_layer2_tb/p_mon  File: C:/project/vivado/P_30_A/sim/conv_v4_layer2_tb.vhd
Note: [mon] t= state=25 oh=0 ow=4 oc_tb=32 busy='1'
Time: 14250 us  Iteration: 0  Process: /conv_v4_layer2_tb/p_mon  File: C:/project/vivado/P_30_A/sim/conv_v4_layer2_tb.vhd
Note: [mon] t= state=25 oh=0 ow=4 oc_tb=32 busy='1'
Time: 14300 us  Iteration: 0  Process: /conv_v4_layer2_tb/p_mon  File: C:/project/vivado/P_30_A/sim/conv_v4_layer2_tb.vhd
Note: [mon] t= state=29 oh=0 ow=4 oc_tb=32 busy='1'
Time: 14350 us  Iteration: 0  Process: /conv_v4_layer2_tb/p_mon  File: C:/project/vivado/P_30_A/sim/conv_v4_layer2_tb.vhd
Note: [mon] t= state=22 oh=1 ow=0 oc_tb=32 busy='1'
Time: 14400 us  Iteration: 0  Process: /conv_v4_layer2_tb/p_mon  File: C:/project/vivado/P_30_A/sim/conv_v4_layer2_tb.vhd
Note: [mon] t= state=21 oh=1 ow=0 oc_tb=32 busy='1'
Time: 14450 us  Iteration: 0  Process: /conv_v4_layer2_tb/p_mon  File: C:/project/vivado/P_30_A/sim/conv_v4_layer2_tb.vhd
Note: [mon] t= state=20 oh=1 ow=0 oc_tb=32 busy='1'
Time: 14500 us  Iteration: 0  Process: /conv_v4_layer2_tb/p_mon  File: C:/project/vivado/P_30_A/sim/conv_v4_layer2_tb.vhd
Note: [mon] t= state=22 oh=1 ow=0 oc_tb=32 busy='1'
Time: 14550 us  Iteration: 0  Process: /conv_v4_layer2_tb/p_mon  File: C:/project/vivado/P_30_A/sim/conv_v4_layer2_tb.vhd
Note: [mon] t= state=21 oh=1 ow=0 oc_tb=32 busy='1'
Time: 14600 us  Iteration: 0  Process: /conv_v4_layer2_tb/p_mon  File: C:/project/vivado/P_30_A/sim/conv_v4_layer2_tb.vhd
Note: [mon] t= state=24 oh=1 ow=0 oc_tb=32 busy='1'
Time: 14650 us  Iteration: 0  Process: /conv_v4_layer2_tb/p_mon  File: C:/project/vivado/P_30_A/sim/conv_v4_layer2_tb.vhd
Note: [mon] t= state=24 oh=1 ow=0 oc_tb=32 busy='1'
Time: 14700 us  Iteration: 0  Process: /conv_v4_layer2_tb/p_mon  File: C:/project/vivado/P_30_A/sim/conv_v4_layer2_tb.vhd
Note: [mon] t= state=25 oh=1 ow=0 oc_tb=32 busy='1'
Time: 14750 us  Iteration: 0  Process: /conv_v4_layer2_tb/p_mon  File: C:/project/vivado/P_30_A/sim/conv_v4_layer2_tb.vhd
Note: [mon] t= state=25 oh=1 ow=0 oc_tb=32 busy='1'
Time: 14800 us  Iteration: 0  Process: /conv_v4_layer2_tb/p_mon  File: C:/project/vivado/P_30_A/sim/conv_v4_layer2_tb.vhd
Note: [mon] t= state=20 oh=1 ow=1 oc_tb=32 busy='1'
Time: 14850 us  Iteration: 0  Process: /conv_v4_layer2_tb/p_mon  File: C:/project/vivado/P_30_A/sim/conv_v4_layer2_tb.vhd
Note: [mon] t= state=22 oh=1 ow=1 oc_tb=32 busy='1'
Time: 14900 us  Iteration: 0  Process: /conv_v4_layer2_tb/p_mon  File: C:/project/vivado/P_30_A/sim/conv_v4_layer2_tb.vhd
Note: [mon] t= state=21 oh=1 ow=1 oc_tb=32 busy='1'
Time: 14950 us  Iteration: 0  Process: /conv_v4_layer2_tb/p_mon  File: C:/project/vivado/P_30_A/sim/conv_v4_layer2_tb.vhd
Note: [mon] t= state=20 oh=1 ow=1 oc_tb=32 busy='1'
Time: 15 ms  Iteration: 0  Process: /conv_v4_layer2_tb/p_mon  File: C:/project/vivado/P_30_A/sim/conv_v4_layer2_tb.vhd
Note: [mon] t= state=22 oh=1 ow=1 oc_tb=32 busy='1'
Time: 15050 us  Iteration: 0  Process: /conv_v4_layer2_tb/p_mon  File: C:/project/vivado/P_30_A/sim/conv_v4_layer2_tb.vhd
Note: [mon] t= state=21 oh=1 ow=1 oc_tb=32 busy='1'
Time: 15100 us  Iteration: 0  Process: /conv_v4_layer2_tb/p_mon  File: C:/project/vivado/P_30_A/sim/conv_v4_layer2_tb.vhd
Note: [mon] t= state=25 oh=1 ow=1 oc_tb=32 busy='1'
Time: 15150 us  Iteration: 0  Process: /conv_v4_layer2_tb/p_mon  File: C:/project/vivado/P_30_A/sim/conv_v4_layer2_tb.vhd
Note: [mon] t= state=25 oh=1 ow=1 oc_tb=32 busy='1'
Time: 15200 us  Iteration: 0  Process: /conv_v4_layer2_tb/p_mon  File: C:/project/vivado/P_30_A/sim/conv_v4_layer2_tb.vhd
Note: [mon] t= state=24 oh=1 ow=1 oc_tb=32 busy='1'
Time: 15250 us  Iteration: 0  Process: /conv_v4_layer2_tb/p_mon  File: C:/project/vivado/P_30_A/sim/conv_v4_layer2_tb.vhd
Note: [mon] t= state=24 oh=1 ow=1 oc_tb=32 busy='1'
Time: 15300 us  Iteration: 0  Process: /conv_v4_layer2_tb/p_mon  File: C:/project/vivado/P_30_A/sim/conv_v4_layer2_tb.vhd
Note: [mon] t= state=20 oh=1 ow=2 oc_tb=32 busy='1'
Time: 15350 us  Iteration: 0  Process: /conv_v4_layer2_tb/p_mon  File: C:/project/vivado/P_30_A/sim/conv_v4_layer2_tb.vhd
Note: [mon] t= state=22 oh=1 ow=2 oc_tb=32 busy='1'
Time: 15400 us  Iteration: 0  Process: /conv_v4_layer2_tb/p_mon  File: C:/project/vivado/P_30_A/sim/conv_v4_layer2_tb.vhd
Note: [mon] t= state=21 oh=1 ow=2 oc_tb=32 busy='1'
Time: 15450 us  Iteration: 0  Process: /conv_v4_layer2_tb/p_mon  File: C:/project/vivado/P_30_A/sim/conv_v4_layer2_tb.vhd
Note: [mon] t= state=20 oh=1 ow=2 oc_tb=32 busy='1'
Time: 15500 us  Iteration: 0  Process: /conv_v4_layer2_tb/p_mon  File: C:/project/vivado/P_30_A/sim/conv_v4_layer2_tb.vhd
Note: [mon] t= state=22 oh=1 ow=2 oc_tb=32 busy='1'
Time: 15550 us  Iteration: 0  Process: /conv_v4_layer2_tb/p_mon  File: C:/project/vivado/P_30_A/sim/conv_v4_layer2_tb.vhd
Note: [mon] t= state=24 oh=1 ow=2 oc_tb=32 busy='1'
Time: 15600 us  Iteration: 0  Process: /conv_v4_layer2_tb/p_mon  File: C:/project/vivado/P_30_A/sim/conv_v4_layer2_tb.vhd
Note: [mon] t= state=24 oh=1 ow=2 oc_tb=32 busy='1'
Time: 15650 us  Iteration: 0  Process: /conv_v4_layer2_tb/p_mon  File: C:/project/vivado/P_30_A/sim/conv_v4_layer2_tb.vhd
Note: [mon] t= state=28 oh=1 ow=2 oc_tb=32 busy='1'
Time: 15700 us  Iteration: 0  Process: /conv_v4_layer2_tb/p_mon  File: C:/project/vivado/P_30_A/sim/conv_v4_layer2_tb.vhd
Note: [mon] t= state=25 oh=1 ow=2 oc_tb=32 busy='1'
Time: 15750 us  Iteration: 0  Process: /conv_v4_layer2_tb/p_mon  File: C:/project/vivado/P_30_A/sim/conv_v4_layer2_tb.vhd
Note: [mon] t= state=21 oh=1 ow=3 oc_tb=32 busy='1'
Time: 15800 us  Iteration: 0  Process: /conv_v4_layer2_tb/p_mon  File: C:/project/vivado/P_30_A/sim/conv_v4_layer2_tb.vhd
Note: [mon] t= state=20 oh=1 ow=3 oc_tb=32 busy='1'
Time: 15850 us  Iteration: 0  Process: /conv_v4_layer2_tb/p_mon  File: C:/project/vivado/P_30_A/sim/conv_v4_layer2_tb.vhd
Note: [mon] t= state=22 oh=1 ow=3 oc_tb=32 busy='1'
Time: 15900 us  Iteration: 0  Process: /conv_v4_layer2_tb/p_mon  File: C:/project/vivado/P_30_A/sim/conv_v4_layer2_tb.vhd
Note: [mon] t= state=21 oh=1 ow=3 oc_tb=32 busy='1'
Time: 15950 us  Iteration: 0  Process: /conv_v4_layer2_tb/p_mon  File: C:/project/vivado/P_30_A/sim/conv_v4_layer2_tb.vhd
Note: [mon] t= state=20 oh=1 ow=3 oc_tb=32 busy='1'
Time: 16 ms  Iteration: 0  Process: /conv_v4_layer2_tb/p_mon  File: C:/project/vivado/P_30_A/sim/conv_v4_layer2_tb.vhd
Note: [mon] t= state=22 oh=1 ow=3 oc_tb=32 busy='1'
Time: 16050 us  Iteration: 0  Process: /conv_v4_layer2_tb/p_mon  File: C:/project/vivado/P_30_A/sim/conv_v4_layer2_tb.vhd
Note: [mon] t= state=25 oh=1 ow=3 oc_tb=32 busy='1'
Time: 16100 us  Iteration: 0  Process: /conv_v4_layer2_tb/p_mon  File: C:/project/vivado/P_30_A/sim/conv_v4_layer2_tb.vhd
Note: [mon] t= state=25 oh=1 ow=3 oc_tb=32 busy='1'
Time: 16150 us  Iteration: 0  Process: /conv_v4_layer2_tb/p_mon  File: C:/project/vivado/P_30_A/sim/conv_v4_layer2_tb.vhd
Note: [mon] t= state=24 oh=1 ow=3 oc_tb=32 busy='1'
Time: 16200 us  Iteration: 0  Process: /conv_v4_layer2_tb/p_mon  File: C:/project/vivado/P_30_A/sim/conv_v4_layer2_tb.vhd
Note: [mon] t= state=24 oh=1 ow=3 oc_tb=32 busy='1'
Time: 16250 us  Iteration: 0  Process: /conv_v4_layer2_tb/p_mon  File: C:/project/vivado/P_30_A/sim/conv_v4_layer2_tb.vhd
Note: [mon] t= state=21 oh=1 ow=4 oc_tb=32 busy='1'
Time: 16300 us  Iteration: 0  Process: /conv_v4_layer2_tb/p_mon  File: C:/project/vivado/P_30_A/sim/conv_v4_layer2_tb.vhd
Note: [mon] t= state=20 oh=1 ow=4 oc_tb=32 busy='1'
Time: 16350 us  Iteration: 0  Process: /conv_v4_layer2_tb/p_mon  File: C:/project/vivado/P_30_A/sim/conv_v4_layer2_tb.vhd
Note: [mon] t= state=22 oh=1 ow=4 oc_tb=32 busy='1'
Time: 16400 us  Iteration: 0  Process: /conv_v4_layer2_tb/p_mon  File: C:/project/vivado/P_30_A/sim/conv_v4_layer2_tb.vhd
Note: [mon] t= state=21 oh=1 ow=4 oc_tb=32 busy='1'
Time: 16450 us  Iteration: 0  Process: /conv_v4_layer2_tb/p_mon  File: C:/project/vivado/P_30_A/sim/conv_v4_layer2_tb.vhd
Note: [mon] t= state=20 oh=1 ow=4 oc_tb=32 busy='1'
Time: 16500 us  Iteration: 0  Process: /conv_v4_layer2_tb/p_mon  File: C:/project/vivado/P_30_A/sim/conv_v4_layer2_tb.vhd
Note: [mon] t= state=22 oh=1 ow=4 oc_tb=32 busy='1'
Time: 16550 us  Iteration: 0  Process: /conv_v4_layer2_tb/p_mon  File: C:/project/vivado/P_30_A/sim/conv_v4_layer2_tb.vhd
Note: [mon] t= state=24 oh=1 ow=4 oc_tb=32 busy='1'
Time: 16600 us  Iteration: 0  Process: /conv_v4_layer2_tb/p_mon  File: C:/project/vivado/P_30_A/sim/conv_v4_layer2_tb.vhd
Note: [mon] t= state=24 oh=1 ow=4 oc_tb=32 busy='1'
Time: 16650 us  Iteration: 0  Process: /conv_v4_layer2_tb/p_mon  File: C:/project/vivado/P_30_A/sim/conv_v4_layer2_tb.vhd
Note: [mon] t= state=25 oh=1 ow=4 oc_tb=32 busy='1'
Time: 16700 us  Iteration: 0  Process: /conv_v4_layer2_tb/p_mon  File: C:/project/vivado/P_30_A/sim/conv_v4_layer2_tb.vhd
Note: [mon] t= state=25 oh=1 ow=4 oc_tb=32 busy='1'
Time: 16750 us  Iteration: 0  Process: /conv_v4_layer2_tb/p_mon  File: C:/project/vivado/P_30_A/sim/conv_v4_layer2_tb.vhd
Note: [mon] t= state=20 oh=2 ow=0 oc_tb=32 busy='1'
Time: 16800 us  Iteration: 0  Process: /conv_v4_layer2_tb/p_mon  File: C:/project/vivado/P_30_A/sim/conv_v4_layer2_tb.vhd
Note: [mon] t= state=22 oh=2 ow=0 oc_tb=32 busy='1'
Time: 16850 us  Iteration: 0  Process: /conv_v4_layer2_tb/p_mon  File: C:/project/vivado/P_30_A/sim/conv_v4_layer2_tb.vhd
Note: [mon] t= state=21 oh=2 ow=0 oc_tb=32 busy='1'
Time: 16900 us  Iteration: 0  Process: /conv_v4_layer2_tb/p_mon  File: C:/project/vivado/P_30_A/sim/conv_v4_layer2_tb.vhd
Note: [mon] t= state=20 oh=2 ow=0 oc_tb=32 busy='1'
Time: 16950 us  Iteration: 0  Process: /conv_v4_layer2_tb/p_mon  File: C:/project/vivado/P_30_A/sim/conv_v4_layer2_tb.vhd
Note: [mon] t= state=22 oh=2 ow=0 oc_tb=32 busy='1'
Time: 17 ms  Iteration: 0  Process: /conv_v4_layer2_tb/p_mon  File: C:/project/vivado/P_30_A/sim/conv_v4_layer2_tb.vhd
Note: [mon] t= state=27 oh=2 ow=0 oc_tb=32 busy='1'
Time: 17050 us  Iteration: 0  Process: /conv_v4_layer2_tb/p_mon  File: C:/project/vivado/P_30_A/sim/conv_v4_layer2_tb.vhd
Note: [mon] t= state=24 oh=2 ow=0 oc_tb=32 busy='1'
Time: 17100 us  Iteration: 0  Process: /conv_v4_layer2_tb/p_mon  File: C:/project/vivado/P_30_A/sim/conv_v4_layer2_tb.vhd
Note: [mon] t= state=24 oh=2 ow=0 oc_tb=32 busy='1'
Time: 17150 us  Iteration: 0  Process: /conv_v4_layer2_tb/p_mon  File: C:/project/vivado/P_30_A/sim/conv_v4_layer2_tb.vhd
Note: [mon] t= state=25 oh=2 ow=0 oc_tb=32 busy='1'
Time: 17200 us  Iteration: 0  Process: /conv_v4_layer2_tb/p_mon  File: C:/project/vivado/P_30_A/sim/conv_v4_layer2_tb.vhd
Note: [mon] t= state=21 oh=2 ow=1 oc_tb=32 busy='1'
Time: 17250 us  Iteration: 0  Process: /conv_v4_layer2_tb/p_mon  File: C:/project/vivado/P_30_A/sim/conv_v4_layer2_tb.vhd
Note: [mon] t= state=20 oh=2 ow=1 oc_tb=32 busy='1'
Time: 17300 us  Iteration: 0  Process: /conv_v4_layer2_tb/p_mon  File: C:/project/vivado/P_30_A/sim/conv_v4_layer2_tb.vhd
Note: [mon] t= state=22 oh=2 ow=1 oc_tb=32 busy='1'
Time: 17350 us  Iteration: 0  Process: /conv_v4_layer2_tb/p_mon  File: C:/project/vivado/P_30_A/sim/conv_v4_layer2_tb.vhd
Note: [mon] t= state=21 oh=2 ow=1 oc_tb=32 busy='1'
Time: 17400 us  Iteration: 0  Process: /conv_v4_layer2_tb/p_mon  File: C:/project/vivado/P_30_A/sim/conv_v4_layer2_tb.vhd
Note: [mon] t= state=20 oh=2 ow=1 oc_tb=32 busy='1'
Time: 17450 us  Iteration: 0  Process: /conv_v4_layer2_tb/p_mon  File: C:/project/vivado/P_30_A/sim/conv_v4_layer2_tb.vhd
Note: [mon] t= state=22 oh=2 ow=1 oc_tb=32 busy='1'
Time: 17500 us  Iteration: 0  Process: /conv_v4_layer2_tb/p_mon  File: C:/project/vivado/P_30_A/sim/conv_v4_layer2_tb.vhd
Note: [mon] t= state=25 oh=2 ow=1 oc_tb=32 busy='1'
Time: 17550 us  Iteration: 0  Process: /conv_v4_layer2_tb/p_mon  File: C:/project/vivado/P_30_A/sim/conv_v4_layer2_tb.vhd
Note: [mon] t= state=25 oh=2 ow=1 oc_tb=32 busy='1'
Time: 17600 us  Iteration: 0  Process: /conv_v4_layer2_tb/p_mon  File: C:/project/vivado/P_30_A/sim/conv_v4_layer2_tb.vhd
Note: [mon] t= state=24 oh=2 ow=1 oc_tb=32 busy='1'
Time: 17650 us  Iteration: 0  Process: /conv_v4_layer2_tb/p_mon  File: C:/project/vivado/P_30_A/sim/conv_v4_layer2_tb.vhd
Note: [mon] t= state=24 oh=2 ow=1 oc_tb=32 busy='1'
Time: 17700 us  Iteration: 0  Process: /conv_v4_layer2_tb/p_mon  File: C:/project/vivado/P_30_A/sim/conv_v4_layer2_tb.vhd
Note: [mon] t= state=21 oh=2 ow=2 oc_tb=32 busy='1'
Time: 17750 us  Iteration: 0  Process: /conv_v4_layer2_tb/p_mon  File: C:/project/vivado/P_30_A/sim/conv_v4_layer2_tb.vhd
Note: [mon] t= state=20 oh=2 ow=2 oc_tb=32 busy='1'
Time: 17800 us  Iteration: 0  Process: /conv_v4_layer2_tb/p_mon  File: C:/project/vivado/P_30_A/sim/conv_v4_layer2_tb.vhd
Note: [mon] t= state=22 oh=2 ow=2 oc_tb=32 busy='1'
Time: 17850 us  Iteration: 0  Process: /conv_v4_layer2_tb/p_mon  File: C:/project/vivado/P_30_A/sim/conv_v4_layer2_tb.vhd
Note: [mon] t= state=21 oh=2 ow=2 oc_tb=32 busy='1'
Time: 17900 us  Iteration: 0  Process: /conv_v4_layer2_tb/p_mon  File: C:/project/vivado/P_30_A/sim/conv_v4_layer2_tb.vhd
Note: [mon] t= state=20 oh=2 ow=2 oc_tb=32 busy='1'
Time: 17950 us  Iteration: 0  Process: /conv_v4_layer2_tb/p_mon  File: C:/project/vivado/P_30_A/sim/conv_v4_layer2_tb.vhd
Note: [mon] t= state=25 oh=2 ow=2 oc_tb=32 busy='1'
Time: 18 ms  Iteration: 0  Process: /conv_v4_layer2_tb/p_mon  File: C:/project/vivado/P_30_A/sim/conv_v4_layer2_tb.vhd
Note: [mon] t= state=24 oh=2 ow=2 oc_tb=32 busy='1'
Time: 18050 us  Iteration: 0  Process: /conv_v4_layer2_tb/p_mon  File: C:/project/vivado/P_30_A/sim/conv_v4_layer2_tb.vhd
Note: [mon] t= state=24 oh=2 ow=2 oc_tb=32 busy='1'
Time: 18100 us  Iteration: 0  Process: /conv_v4_layer2_tb/p_mon  File: C:/project/vivado/P_30_A/sim/conv_v4_layer2_tb.vhd
Note: [mon] t= state=25 oh=2 ow=2 oc_tb=32 busy='1'
Time: 18150 us  Iteration: 0  Process: /conv_v4_layer2_tb/p_mon  File: C:/project/vivado/P_30_A/sim/conv_v4_layer2_tb.vhd
Note: [mon] t= state=22 oh=2 ow=3 oc_tb=32 busy='1'
Time: 18200 us  Iteration: 0  Process: /conv_v4_layer2_tb/p_mon  File: C:/project/vivado/P_30_A/sim/conv_v4_layer2_tb.vhd
Note: [mon] t= state=21 oh=2 ow=3 oc_tb=32 busy='1'
Time: 18250 us  Iteration: 0  Process: /conv_v4_layer2_tb/p_mon  File: C:/project/vivado/P_30_A/sim/conv_v4_layer2_tb.vhd
Note: [mon] t= state=20 oh=2 ow=3 oc_tb=32 busy='1'
Time: 18300 us  Iteration: 0  Process: /conv_v4_layer2_tb/p_mon  File: C:/project/vivado/P_30_A/sim/conv_v4_layer2_tb.vhd
Note: [mon] t= state=22 oh=2 ow=3 oc_tb=32 busy='1'
Time: 18350 us  Iteration: 0  Process: /conv_v4_layer2_tb/p_mon  File: C:/project/vivado/P_30_A/sim/conv_v4_layer2_tb.vhd
Note: [mon] t= state=21 oh=2 ow=3 oc_tb=32 busy='1'
Time: 18400 us  Iteration: 0  Process: /conv_v4_layer2_tb/p_mon  File: C:/project/vivado/P_30_A/sim/conv_v4_layer2_tb.vhd
Note: [mon] t= state=20 oh=2 ow=3 oc_tb=32 busy='1'
Time: 18450 us  Iteration: 0  Process: /conv_v4_layer2_tb/p_mon  File: C:/project/vivado/P_30_A/sim/conv_v4_layer2_tb.vhd
Note: [mon] t= state=24 oh=2 ow=3 oc_tb=32 busy='1'
Time: 18500 us  Iteration: 0  Process: /conv_v4_layer2_tb/p_mon  File: C:/project/vivado/P_30_A/sim/conv_v4_layer2_tb.vhd
Note: [mon] t= state=25 oh=2 ow=3 oc_tb=32 busy='1'
Time: 18550 us  Iteration: 0  Process: /conv_v4_layer2_tb/p_mon  File: C:/project/vivado/P_30_A/sim/conv_v4_layer2_tb.vhd
Note: [mon] t= state=25 oh=2 ow=3 oc_tb=32 busy='1'
Time: 18600 us  Iteration: 0  Process: /conv_v4_layer2_tb/p_mon  File: C:/project/vivado/P_30_A/sim/conv_v4_layer2_tb.vhd
Note: [mon] t= state=24 oh=2 ow=3 oc_tb=32 busy='1'
Time: 18650 us  Iteration: 0  Process: /conv_v4_layer2_tb/p_mon  File: C:/project/vivado/P_30_A/sim/conv_v4_layer2_tb.vhd
Note: [mon] t= state=22 oh=2 ow=4 oc_tb=32 busy='1'
Time: 18700 us  Iteration: 0  Process: /conv_v4_layer2_tb/p_mon  File: C:/project/vivado/P_30_A/sim/conv_v4_layer2_tb.vhd
Note: [mon] t= state=21 oh=2 ow=4 oc_tb=32 busy='1'
Time: 18750 us  Iteration: 0  Process: /conv_v4_layer2_tb/p_mon  File: C:/project/vivado/P_30_A/sim/conv_v4_layer2_tb.vhd
Note: [mon] t= state=20 oh=2 ow=4 oc_tb=32 busy='1'
Time: 18800 us  Iteration: 0  Process: /conv_v4_layer2_tb/p_mon  File: C:/project/vivado/P_30_A/sim/conv_v4_layer2_tb.vhd
Note: [mon] t= state=22 oh=2 ow=4 oc_tb=32 busy='1'
Time: 18850 us  Iteration: 0  Process: /conv_v4_layer2_tb/p_mon  File: C:/project/vivado/P_30_A/sim/conv_v4_layer2_tb.vhd
Note: [mon] t= state=21 oh=2 ow=4 oc_tb=32 busy='1'
Time: 18900 us  Iteration: 0  Process: /conv_v4_layer2_tb/p_mon  File: C:/project/vivado/P_30_A/sim/conv_v4_layer2_tb.vhd
Note: [mon] t= state=25 oh=2 ow=4 oc_tb=32 busy='1'
Time: 18950 us  Iteration: 0  Process: /conv_v4_layer2_tb/p_mon  File: C:/project/vivado/P_30_A/sim/conv_v4_layer2_tb.vhd
Note: [mon] t= state=24 oh=2 ow=4 oc_tb=32 busy='1'
Time: 19 ms  Iteration: 0  Process: /conv_v4_layer2_tb/p_mon  File: C:/project/vivado/P_30_A/sim/conv_v4_layer2_tb.vhd
Note: [mon] t= state=24 oh=2 ow=4 oc_tb=32 busy='1'
Time: 19050 us  Iteration: 0  Process: /conv_v4_layer2_tb/p_mon  File: C:/project/vivado/P_30_A/sim/conv_v4_layer2_tb.vhd
Note: [mon] t= state=26 oh=2 ow=4 oc_tb=32 busy='1'
Time: 19100 us  Iteration: 0  Process: /conv_v4_layer2_tb/p_mon  File: C:/project/vivado/P_30_A/sim/conv_v4_layer2_tb.vhd
Note: [mon] t= state=22 oh=3 ow=0 oc_tb=32 busy='1'
Time: 19150 us  Iteration: 0  Process: /conv_v4_layer2_tb/p_mon  File: C:/project/vivado/P_30_A/sim/conv_v4_layer2_tb.vhd
Note: [mon] t= state=21 oh=3 ow=0 oc_tb=32 busy='1'
Time: 19200 us  Iteration: 0  Process: /conv_v4_layer2_tb/p_mon  File: C:/project/vivado/P_30_A/sim/conv_v4_layer2_tb.vhd
Note: [mon] t= state=20 oh=3 ow=0 oc_tb=32 busy='1'
Time: 19250 us  Iteration: 0  Process: /conv_v4_layer2_tb/p_mon  File: C:/project/vivado/P_30_A/sim/conv_v4_layer2_tb.vhd
Note: [mon] t= state=22 oh=3 ow=0 oc_tb=32 busy='1'
Time: 19300 us  Iteration: 0  Process: /conv_v4_layer2_tb/p_mon  File: C:/project/vivado/P_30_A/sim/conv_v4_layer2_tb.vhd
Note: [mon] t= state=21 oh=3 ow=0 oc_tb=32 busy='1'
Time: 19350 us  Iteration: 0  Process: /conv_v4_layer2_tb/p_mon  File: C:/project/vivado/P_30_A/sim/conv_v4_layer2_tb.vhd
Note: [mon] t= state=20 oh=3 ow=0 oc_tb=32 busy='1'
Time: 19400 us  Iteration: 0  Process: /conv_v4_layer2_tb/p_mon  File: C:/project/vivado/P_30_A/sim/conv_v4_layer2_tb.vhd
Note: [mon] t= state=25 oh=3 ow=0 oc_tb=32 busy='1'
Time: 19450 us  Iteration: 0  Process: /conv_v4_layer2_tb/p_mon  File: C:/project/vivado/P_30_A/sim/conv_v4_layer2_tb.vhd
Note: [mon] t= state=24 oh=3 ow=0 oc_tb=32 busy='1'
Time: 19500 us  Iteration: 0  Process: /conv_v4_layer2_tb/p_mon  File: C:/project/vivado/P_30_A/sim/conv_v4_layer2_tb.vhd
Note: [mon] t= state=24 oh=3 ow=0 oc_tb=32 busy='1'
Time: 19550 us  Iteration: 0  Process: /conv_v4_layer2_tb/p_mon  File: C:/project/vivado/P_30_A/sim/conv_v4_layer2_tb.vhd
Note: [mon] t= state=25 oh=3 ow=0 oc_tb=32 busy='1'
Time: 19600 us  Iteration: 0  Process: /conv_v4_layer2_tb/p_mon  File: C:/project/vivado/P_30_A/sim/conv_v4_layer2_tb.vhd
Note: [mon] t= state=22 oh=3 ow=1 oc_tb=32 busy='1'
Time: 19650 us  Iteration: 0  Process: /conv_v4_layer2_tb/p_mon  File: C:/project/vivado/P_30_A/sim/conv_v4_layer2_tb.vhd
Note: [mon] t= state=21 oh=3 ow=1 oc_tb=32 busy='1'
Time: 19700 us  Iteration: 0  Process: /conv_v4_layer2_tb/p_mon  File: C:/project/vivado/P_30_A/sim/conv_v4_layer2_tb.vhd
Note: [mon] t= state=20 oh=3 ow=1 oc_tb=32 busy='1'
Time: 19750 us  Iteration: 0  Process: /conv_v4_layer2_tb/p_mon  File: C:/project/vivado/P_30_A/sim/conv_v4_layer2_tb.vhd
Note: [mon] t= state=22 oh=3 ow=1 oc_tb=32 busy='1'
Time: 19800 us  Iteration: 0  Process: /conv_v4_layer2_tb/p_mon  File: C:/project/vivado/P_30_A/sim/conv_v4_layer2_tb.vhd
Note: [mon] t= state=21 oh=3 ow=1 oc_tb=32 busy='1'
Time: 19850 us  Iteration: 0  Process: /conv_v4_layer2_tb/p_mon  File: C:/project/vivado/P_30_A/sim/conv_v4_layer2_tb.vhd
Note: [mon] t= state=20 oh=3 ow=1 oc_tb=32 busy='1'
Time: 19900 us  Iteration: 0  Process: /conv_v4_layer2_tb/p_mon  File: C:/project/vivado/P_30_A/sim/conv_v4_layer2_tb.vhd
Note: [mon] t= state=24 oh=3 ow=1 oc_tb=32 busy='1'
Time: 19950 us  Iteration: 0  Process: /conv_v4_layer2_tb/p_mon  File: C:/project/vivado/P_30_A/sim/conv_v4_layer2_tb.vhd
Note: [mon] t= state=25 oh=3 ow=1 oc_tb=32 busy='1'
Time: 20 ms  Iteration: 0  Process: /conv_v4_layer2_tb/p_mon  File: C:/project/vivado/P_30_A/sim/conv_v4_layer2_tb.vhd
Note: [mon] t= state=25 oh=3 ow=1 oc_tb=32 busy='1'
Time: 20050 us  Iteration: 0  Process: /conv_v4_layer2_tb/p_mon  File: C:/project/vivado/P_30_A/sim/conv_v4_layer2_tb.vhd
Note: [mon] t= state=24 oh=3 ow=1 oc_tb=32 busy='1'
Time: 20100 us  Iteration: 0  Process: /conv_v4_layer2_tb/p_mon  File: C:/project/vivado/P_30_A/sim/conv_v4_layer2_tb.vhd
Note: [mon] t= state=22 oh=3 ow=2 oc_tb=32 busy='1'
Time: 20150 us  Iteration: 0  Process: /conv_v4_layer2_tb/p_mon  File: C:/project/vivado/P_30_A/sim/conv_v4_layer2_tb.vhd
Note: [mon] t= state=21 oh=3 ow=2 oc_tb=32 busy='1'
Time: 20200 us  Iteration: 0  Process: /conv_v4_layer2_tb/p_mon  File: C:/project/vivado/P_30_A/sim/conv_v4_layer2_tb.vhd
Note: [mon] t= state=20 oh=3 ow=2 oc_tb=32 busy='1'
Time: 20250 us  Iteration: 0  Process: /conv_v4_layer2_tb/p_mon  File: C:/project/vivado/P_30_A/sim/conv_v4_layer2_tb.vhd
Note: [mon] t= state=22 oh=3 ow=2 oc_tb=32 busy='1'
Time: 20300 us  Iteration: 0  Process: /conv_v4_layer2_tb/p_mon  File: C:/project/vivado/P_30_A/sim/conv_v4_layer2_tb.vhd
Note: [mon] t= state=21 oh=3 ow=2 oc_tb=32 busy='1'
Time: 20350 us  Iteration: 0  Process: /conv_v4_layer2_tb/p_mon  File: C:/project/vivado/P_30_A/sim/conv_v4_layer2_tb.vhd
Note: [mon] t= state=25 oh=3 ow=2 oc_tb=32 busy='1'
Time: 20400 us  Iteration: 0  Process: /conv_v4_layer2_tb/p_mon  File: C:/project/vivado/P_30_A/sim/conv_v4_layer2_tb.vhd
Note: [mon] t= state=25 oh=3 ow=2 oc_tb=32 busy='1'
Time: 20450 us  Iteration: 0  Process: /conv_v4_layer2_tb/p_mon  File: C:/project/vivado/P_30_A/sim/conv_v4_layer2_tb.vhd
Note: [mon] t= state=24 oh=3 ow=2 oc_tb=32 busy='1'
Time: 20500 us  Iteration: 0  Process: /conv_v4_layer2_tb/p_mon  File: C:/project/vivado/P_30_A/sim/conv_v4_layer2_tb.vhd
Note: [mon] t= state=24 oh=3 ow=2 oc_tb=32 busy='1'
Time: 20550 us  Iteration: 0  Process: /conv_v4_layer2_tb/p_mon  File: C:/project/vivado/P_30_A/sim/conv_v4_layer2_tb.vhd
Note: [mon] t= state=20 oh=3 ow=3 oc_tb=32 busy='1'
Time: 20600 us  Iteration: 0  Process: /conv_v4_layer2_tb/p_mon  File: C:/project/vivado/P_30_A/sim/conv_v4_layer2_tb.vhd
Note: [mon] t= state=22 oh=3 ow=3 oc_tb=32 busy='1'
Time: 20650 us  Iteration: 0  Process: /conv_v4_layer2_tb/p_mon  File: C:/project/vivado/P_30_A/sim/conv_v4_layer2_tb.vhd
Note: [mon] t= state=21 oh=3 ow=3 oc_tb=32 busy='1'
Time: 20700 us  Iteration: 0  Process: /conv_v4_layer2_tb/p_mon  File: C:/project/vivado/P_30_A/sim/conv_v4_layer2_tb.vhd
Note: [mon] t= state=20 oh=3 ow=3 oc_tb=32 busy='1'
Time: 20750 us  Iteration: 0  Process: /conv_v4_layer2_tb/p_mon  File: C:/project/vivado/P_30_A/sim/conv_v4_layer2_tb.vhd
Note: [mon] t= state=22 oh=3 ow=3 oc_tb=32 busy='1'
Time: 20800 us  Iteration: 0  Process: /conv_v4_layer2_tb/p_mon  File: C:/project/vivado/P_30_A/sim/conv_v4_layer2_tb.vhd
Note: [mon] t= state=21 oh=3 ow=3 oc_tb=32 busy='1'
Time: 20850 us  Iteration: 0  Process: /conv_v4_layer2_tb/p_mon  File: C:/project/vivado/P_30_A/sim/conv_v4_layer2_tb.vhd
Note: [mon] t= state=24 oh=3 ow=3 oc_tb=32 busy='1'
Time: 20900 us  Iteration: 0  Process: /conv_v4_layer2_tb/p_mon  File: C:/project/vivado/P_30_A/sim/conv_v4_layer2_tb.vhd
Note: [mon] t= state=25 oh=3 ow=3 oc_tb=32 busy='1'
Time: 20950 us  Iteration: 0  Process: /conv_v4_layer2_tb/p_mon  File: C:/project/vivado/P_30_A/sim/conv_v4_layer2_tb.vhd
Note: [mon] t= state=25 oh=3 ow=3 oc_tb=32 busy='1'
Time: 21 ms  Iteration: 0  Process: /conv_v4_layer2_tb/p_mon  File: C:/project/vivado/P_30_A/sim/conv_v4_layer2_tb.vhd
Note: [mon] t= state=29 oh=3 ow=3 oc_tb=32 busy='1'
Time: 21050 us  Iteration: 0  Process: /conv_v4_layer2_tb/p_mon  File: C:/project/vivado/P_30_A/sim/conv_v4_layer2_tb.vhd
Note: [mon] t= state=20 oh=3 ow=4 oc_tb=32 busy='1'
Time: 21100 us  Iteration: 0  Process: /conv_v4_layer2_tb/p_mon  File: C:/project/vivado/P_30_A/sim/conv_v4_layer2_tb.vhd
Note: [mon] t= state=22 oh=3 ow=4 oc_tb=32 busy='1'
Time: 21150 us  Iteration: 0  Process: /conv_v4_layer2_tb/p_mon  File: C:/project/vivado/P_30_A/sim/conv_v4_layer2_tb.vhd
Note: [mon] t= state=21 oh=3 ow=4 oc_tb=32 busy='1'
Time: 21200 us  Iteration: 0  Process: /conv_v4_layer2_tb/p_mon  File: C:/project/vivado/P_30_A/sim/conv_v4_layer2_tb.vhd
Note: [mon] t= state=20 oh=3 ow=4 oc_tb=32 busy='1'
Time: 21250 us  Iteration: 0  Process: /conv_v4_layer2_tb/p_mon  File: C:/project/vivado/P_30_A/sim/conv_v4_layer2_tb.vhd
Note: [mon] t= state=22 oh=3 ow=4 oc_tb=32 busy='1'
Time: 21300 us  Iteration: 0  Process: /conv_v4_layer2_tb/p_mon  File: C:/project/vivado/P_30_A/sim/conv_v4_layer2_tb.vhd
Note: [mon] t= state=25 oh=3 ow=4 oc_tb=32 busy='1'
Time: 21350 us  Iteration: 0  Process: /conv_v4_layer2_tb/p_mon  File: C:/project/vivado/P_30_A/sim/conv_v4_layer2_tb.vhd
Note: [mon] t= state=25 oh=3 ow=4 oc_tb=32 busy='1'
Time: 21400 us  Iteration: 0  Process: /conv_v4_layer2_tb/p_mon  File: C:/project/vivado/P_30_A/sim/conv_v4_layer2_tb.vhd
Note: [mon] t= state=24 oh=3 ow=4 oc_tb=32 busy='1'
Time: 21450 us  Iteration: 0  Process: /conv_v4_layer2_tb/p_mon  File: C:/project/vivado/P_30_A/sim/conv_v4_layer2_tb.vhd
Note: [mon] t= state=24 oh=3 ow=4 oc_tb=32 busy='1'
Time: 21500 us  Iteration: 0  Process: /conv_v4_layer2_tb/p_mon  File: C:/project/vivado/P_30_A/sim/conv_v4_layer2_tb.vhd
Note: [mon] t= state=20 oh=4 ow=0 oc_tb=32 busy='1'
Time: 21550 us  Iteration: 0  Process: /conv_v4_layer2_tb/p_mon  File: C:/project/vivado/P_30_A/sim/conv_v4_layer2_tb.vhd
Note: [mon] t= state=22 oh=4 ow=0 oc_tb=32 busy='1'
Time: 21600 us  Iteration: 0  Process: /conv_v4_layer2_tb/p_mon  File: C:/project/vivado/P_30_A/sim/conv_v4_layer2_tb.vhd
Note: [mon] t= state=21 oh=4 ow=0 oc_tb=32 busy='1'
Time: 21650 us  Iteration: 0  Process: /conv_v4_layer2_tb/p_mon  File: C:/project/vivado/P_30_A/sim/conv_v4_layer2_tb.vhd
Note: [mon] t= state=20 oh=4 ow=0 oc_tb=32 busy='1'
Time: 21700 us  Iteration: 0  Process: /conv_v4_layer2_tb/p_mon  File: C:/project/vivado/P_30_A/sim/conv_v4_layer2_tb.vhd
Note: [mon] t= state=22 oh=4 ow=0 oc_tb=32 busy='1'
Time: 21750 us  Iteration: 0  Process: /conv_v4_layer2_tb/p_mon  File: C:/project/vivado/P_30_A/sim/conv_v4_layer2_tb.vhd
Note: [mon] t= state=21 oh=4 ow=0 oc_tb=32 busy='1'
Time: 21800 us  Iteration: 0  Process: /conv_v4_layer2_tb/p_mon  File: C:/project/vivado/P_30_A/sim/conv_v4_layer2_tb.vhd
Note: [mon] t= state=25 oh=4 ow=0 oc_tb=32 busy='1'
Time: 21850 us  Iteration: 0  Process: /conv_v4_layer2_tb/p_mon  File: C:/project/vivado/P_30_A/sim/conv_v4_layer2_tb.vhd
Note: [mon] t= state=25 oh=4 ow=0 oc_tb=32 busy='1'
Time: 21900 us  Iteration: 0  Process: /conv_v4_layer2_tb/p_mon  File: C:/project/vivado/P_30_A/sim/conv_v4_layer2_tb.vhd
Note: [mon] t= state=24 oh=4 ow=0 oc_tb=32 busy='1'
Time: 21950 us  Iteration: 0  Process: /conv_v4_layer2_tb/p_mon  File: C:/project/vivado/P_30_A/sim/conv_v4_layer2_tb.vhd
Note: [mon] t= state=24 oh=4 ow=0 oc_tb=32 busy='1'
Time: 22 ms  Iteration: 0  Process: /conv_v4_layer2_tb/p_mon  File: C:/project/vivado/P_30_A/sim/conv_v4_layer2_tb.vhd
Note: [mon] t= state=20 oh=4 ow=1 oc_tb=32 busy='1'
Time: 22050 us  Iteration: 0  Process: /conv_v4_layer2_tb/p_mon  File: C:/project/vivado/P_30_A/sim/conv_v4_layer2_tb.vhd
Note: [mon] t= state=22 oh=4 ow=1 oc_tb=32 busy='1'
Time: 22100 us  Iteration: 0  Process: /conv_v4_layer2_tb/p_mon  File: C:/project/vivado/P_30_A/sim/conv_v4_layer2_tb.vhd
Note: [mon] t= state=21 oh=4 ow=1 oc_tb=32 busy='1'
Time: 22150 us  Iteration: 0  Process: /conv_v4_layer2_tb/p_mon  File: C:/project/vivado/P_30_A/sim/conv_v4_layer2_tb.vhd
Note: [mon] t= state=20 oh=4 ow=1 oc_tb=32 busy='1'
Time: 22200 us  Iteration: 0  Process: /conv_v4_layer2_tb/p_mon  File: C:/project/vivado/P_30_A/sim/conv_v4_layer2_tb.vhd
Note: [mon] t= state=22 oh=4 ow=1 oc_tb=32 busy='1'
Time: 22250 us  Iteration: 0  Process: /conv_v4_layer2_tb/p_mon  File: C:/project/vivado/P_30_A/sim/conv_v4_layer2_tb.vhd
Note: [mon] t= state=24 oh=4 ow=1 oc_tb=32 busy='1'
Time: 22300 us  Iteration: 0  Process: /conv_v4_layer2_tb/p_mon  File: C:/project/vivado/P_30_A/sim/conv_v4_layer2_tb.vhd
Note: [mon] t= state=24 oh=4 ow=1 oc_tb=32 busy='1'
Time: 22350 us  Iteration: 0  Process: /conv_v4_layer2_tb/p_mon  File: C:/project/vivado/P_30_A/sim/conv_v4_layer2_tb.vhd
Note: [mon] t= state=28 oh=4 ow=1 oc_tb=32 busy='1'
Time: 22400 us  Iteration: 0  Process: /conv_v4_layer2_tb/p_mon  File: C:/project/vivado/P_30_A/sim/conv_v4_layer2_tb.vhd
Note: [mon] t= state=25 oh=4 ow=1 oc_tb=32 busy='1'
Time: 22450 us  Iteration: 0  Process: /conv_v4_layer2_tb/p_mon  File: C:/project/vivado/P_30_A/sim/conv_v4_layer2_tb.vhd
Note: [mon] t= state=21 oh=4 ow=2 oc_tb=32 busy='1'
Time: 22500 us  Iteration: 0  Process: /conv_v4_layer2_tb/p_mon  File: C:/project/vivado/P_30_A/sim/conv_v4_layer2_tb.vhd
Note: [mon] t= state=20 oh=4 ow=2 oc_tb=32 busy='1'
Time: 22550 us  Iteration: 0  Process: /conv_v4_layer2_tb/p_mon  File: C:/project/vivado/P_30_A/sim/conv_v4_layer2_tb.vhd
Note: [mon] t= state=22 oh=4 ow=2 oc_tb=32 busy='1'
Time: 22600 us  Iteration: 0  Process: /conv_v4_layer2_tb/p_mon  File: C:/project/vivado/P_30_A/sim/conv_v4_layer2_tb.vhd
Note: [mon] t= state=21 oh=4 ow=2 oc_tb=32 busy='1'
Time: 22650 us  Iteration: 0  Process: /conv_v4_layer2_tb/p_mon  File: C:/project/vivado/P_30_A/sim/conv_v4_layer2_tb.vhd
Note: [mon] t= state=20 oh=4 ow=2 oc_tb=32 busy='1'
Time: 22700 us  Iteration: 0  Process: /conv_v4_layer2_tb/p_mon  File: C:/project/vivado/P_30_A/sim/conv_v4_layer2_tb.vhd
Note: [mon] t= state=22 oh=4 ow=2 oc_tb=32 busy='1'
Time: 22750 us  Iteration: 0  Process: /conv_v4_layer2_tb/p_mon  File: C:/project/vivado/P_30_A/sim/conv_v4_layer2_tb.vhd
Note: [mon] t= state=25 oh=4 ow=2 oc_tb=32 busy='1'
Time: 22800 us  Iteration: 0  Process: /conv_v4_layer2_tb/p_mon  File: C:/project/vivado/P_30_A/sim/conv_v4_layer2_tb.vhd
Note: [mon] t= state=25 oh=4 ow=2 oc_tb=32 busy='1'
Time: 22850 us  Iteration: 0  Process: /conv_v4_layer2_tb/p_mon  File: C:/project/vivado/P_30_A/sim/conv_v4_layer2_tb.vhd
Note: [mon] t= state=24 oh=4 ow=2 oc_tb=32 busy='1'
Time: 22900 us  Iteration: 0  Process: /conv_v4_layer2_tb/p_mon  File: C:/project/vivado/P_30_A/sim/conv_v4_layer2_tb.vhd
Note: [mon] t= state=24 oh=4 ow=2 oc_tb=32 busy='1'
Time: 22950 us  Iteration: 0  Process: /conv_v4_layer2_tb/p_mon  File: C:/project/vivado/P_30_A/sim/conv_v4_layer2_tb.vhd
Note: [mon] t= state=21 oh=4 ow=3 oc_tb=32 busy='1'
Time: 23 ms  Iteration: 0  Process: /conv_v4_layer2_tb/p_mon  File: C:/project/vivado/P_30_A/sim/conv_v4_layer2_tb.vhd
Note: [mon] t= state=20 oh=4 ow=3 oc_tb=32 busy='1'
Time: 23050 us  Iteration: 0  Process: /conv_v4_layer2_tb/p_mon  File: C:/project/vivado/P_30_A/sim/conv_v4_layer2_tb.vhd
Note: [mon] t= state=22 oh=4 ow=3 oc_tb=32 busy='1'
Time: 23100 us  Iteration: 0  Process: /conv_v4_layer2_tb/p_mon  File: C:/project/vivado/P_30_A/sim/conv_v4_layer2_tb.vhd
Note: [mon] t= state=21 oh=4 ow=3 oc_tb=32 busy='1'
Time: 23150 us  Iteration: 0  Process: /conv_v4_layer2_tb/p_mon  File: C:/project/vivado/P_30_A/sim/conv_v4_layer2_tb.vhd
Note: [mon] t= state=20 oh=4 ow=3 oc_tb=32 busy='1'
Time: 23200 us  Iteration: 0  Process: /conv_v4_layer2_tb/p_mon  File: C:/project/vivado/P_30_A/sim/conv_v4_layer2_tb.vhd
Note: [mon] t= state=22 oh=4 ow=3 oc_tb=32 busy='1'
Time: 23250 us  Iteration: 0  Process: /conv_v4_layer2_tb/p_mon  File: C:/project/vivado/P_30_A/sim/conv_v4_layer2_tb.vhd
Note: [mon] t= state=24 oh=4 ow=3 oc_tb=32 busy='1'
Time: 23300 us  Iteration: 0  Process: /conv_v4_layer2_tb/p_mon  File: C:/project/vivado/P_30_A/sim/conv_v4_layer2_tb.vhd
Note: [mon] t= state=24 oh=4 ow=3 oc_tb=32 busy='1'
Time: 23350 us  Iteration: 0  Process: /conv_v4_layer2_tb/p_mon  File: C:/project/vivado/P_30_A/sim/conv_v4_layer2_tb.vhd
Note: [mon] t= state=25 oh=4 ow=3 oc_tb=32 busy='1'
Time: 23400 us  Iteration: 0  Process: /conv_v4_layer2_tb/p_mon  File: C:/project/vivado/P_30_A/sim/conv_v4_layer2_tb.vhd
Note: [mon] t= state=25 oh=4 ow=3 oc_tb=32 busy='1'
Time: 23450 us  Iteration: 0  Process: /conv_v4_layer2_tb/p_mon  File: C:/project/vivado/P_30_A/sim/conv_v4_layer2_tb.vhd
Note: [mon] t= state=21 oh=4 ow=4 oc_tb=32 busy='1'
Time: 23500 us  Iteration: 0  Process: /conv_v4_layer2_tb/p_mon  File: C:/project/vivado/P_30_A/sim/conv_v4_layer2_tb.vhd
Note: [mon] t= state=20 oh=4 ow=4 oc_tb=32 busy='1'
Time: 23550 us  Iteration: 0  Process: /conv_v4_layer2_tb/p_mon  File: C:/project/vivado/P_30_A/sim/conv_v4_layer2_tb.vhd
Note: [mon] t= state=22 oh=4 ow=4 oc_tb=32 busy='1'
Time: 23600 us  Iteration: 0  Process: /conv_v4_layer2_tb/p_mon  File: C:/project/vivado/P_30_A/sim/conv_v4_layer2_tb.vhd
Note: [mon] t= state=21 oh=4 ow=4 oc_tb=32 busy='1'
Time: 23650 us  Iteration: 0  Process: /conv_v4_layer2_tb/p_mon  File: C:/project/vivado/P_30_A/sim/conv_v4_layer2_tb.vhd
Note: [mon] t= state=20 oh=4 ow=4 oc_tb=32 busy='1'
Time: 23700 us  Iteration: 0  Process: /conv_v4_layer2_tb/p_mon  File: C:/project/vivado/P_30_A/sim/conv_v4_layer2_tb.vhd
Note: [mon] t= state=28 oh=4 ow=4 oc_tb=32 busy='1'
Time: 23750 us  Iteration: 0  Process: /conv_v4_layer2_tb/p_mon  File: C:/project/vivado/P_30_A/sim/conv_v4_layer2_tb.vhd
Note: [mon] t= state=25 oh=4 ow=4 oc_tb=32 busy='1'
Time: 23800 us  Iteration: 0  Process: /conv_v4_layer2_tb/p_mon  File: C:/project/vivado/P_30_A/sim/conv_v4_layer2_tb.vhd
Note: [mon] t= state=25 oh=4 ow=4 oc_tb=32 busy='1'
Time: 23850 us  Iteration: 0  Process: /conv_v4_layer2_tb/p_mon  File: C:/project/vivado/P_30_A/sim/conv_v4_layer2_tb.vhd
Note: [mon] t= state=24 oh=4 ow=4 oc_tb=32 busy='1'
Time: 23900 us  Iteration: 0  Process: /conv_v4_layer2_tb/p_mon  File: C:/project/vivado/P_30_A/sim/conv_v4_layer2_tb.vhd
Note: === DONE! Comparing output ===
Time: 23934075 ns  Iteration: 0  Process: /conv_v4_layer2_tb/p_stim  File: C:/project/vivado/P_30_A/sim/conv_v4_layer2_tb.vhd
Warning: MISMATCH idx=4 got=0x23(35) exp=0x24(36)
Time: 23934125 ns  Iteration: 0  Process: /conv_v4_layer2_tb/p_stim  File: C:/project/vivado/P_30_A/sim/conv_v4_layer2_tb.vhd
Warning: MISMATCH idx=5 got=0x24(36) exp=0x27(39)
Time: 23934125 ns  Iteration: 0  Process: /conv_v4_layer2_tb/p_stim  File: C:/project/vivado/P_30_A/sim/conv_v4_layer2_tb.vhd
Warning: MISMATCH idx=6 got=0x27(39) exp=0x2A(42)
Time: 23934125 ns  Iteration: 0  Process: /conv_v4_layer2_tb/p_stim  File: C:/project/vivado/P_30_A/sim/conv_v4_layer2_tb.vhd
Warning: MISMATCH idx=7 got=0x2A(42) exp=0x16(22)
Time: 23934125 ns  Iteration: 0  Process: /conv_v4_layer2_tb/p_stim  File: C:/project/vivado/P_30_A/sim/conv_v4_layer2_tb.vhd
Warning: MISMATCH idx=8 got=0x16(22) exp=0x33(51)
Time: 23934125 ns  Iteration: 0  Process: /conv_v4_layer2_tb/p_stim  File: C:/project/vivado/P_30_A/sim/conv_v4_layer2_tb.vhd
Warning: MISMATCH idx=9 got=0x2E(46) exp=0x3A(58)
Time: 23934125 ns  Iteration: 0  Process: /conv_v4_layer2_tb/p_stim  File: C:/project/vivado/P_30_A/sim/conv_v4_layer2_tb.vhd
Warning: MISMATCH idx=11 got=0x3A(58) exp=0x37(55)
Time: 23934125 ns  Iteration: 0  Process: /conv_v4_layer2_tb/p_stim  File: C:/project/vivado/P_30_A/sim/conv_v4_layer2_tb.vhd
Warning: MISMATCH idx=12 got=0x33(51) exp=0x2E(46)
Time: 23934125 ns  Iteration: 0  Process: /conv_v4_layer2_tb/p_stim  File: C:/project/vivado/P_30_A/sim/conv_v4_layer2_tb.vhd
Warning: MISMATCH idx=13 got=0x37(55) exp=0x20(32)
Time: 23934125 ns  Iteration: 0  Process: /conv_v4_layer2_tb/p_stim  File: C:/project/vivado/P_30_A/sim/conv_v4_layer2_tb.vhd
Warning: MISMATCH idx=14 got=0x19(25) exp=0x32(50)
Time: 23934125 ns  Iteration: 0  Process: /conv_v4_layer2_tb/p_stim  File: C:/project/vivado/P_30_A/sim/conv_v4_layer2_tb.vhd
Warning: MISMATCH idx=15 got=0x2E(46) exp=0x1F(31)
Time: 23934125 ns  Iteration: 0  Process: /conv_v4_layer2_tb/p_stim  File: C:/project/vivado/P_30_A/sim/conv_v4_layer2_tb.vhd
Warning: MISMATCH idx=16 got=0x20(32) exp=0x00(0)
Time: 23934125 ns  Iteration: 0  Process: /conv_v4_layer2_tb/p_stim  File: C:/project/vivado/P_30_A/sim/conv_v4_layer2_tb.vhd
Warning: MISMATCH idx=17 got=0x32(50) exp=0xAD(-83)
Time: 23934125 ns  Iteration: 0  Process: /conv_v4_layer2_tb/p_stim  File: C:/project/vivado/P_30_A/sim/conv_v4_layer2_tb.vhd
Warning: MISMATCH idx=18 got=0x1F(31) exp=0xD1(-47)
Time: 23934125 ns  Iteration: 0  Process: /conv_v4_layer2_tb/p_stim  File: C:/project/vivado/P_30_A/sim/conv_v4_layer2_tb.vhd
Warning: MISMATCH idx=19 got=0x20(32) exp=0xA1(-95)
Time: 23934125 ns  Iteration: 0  Process: /conv_v4_layer2_tb/p_stim  File: C:/project/vivado/P_30_A/sim/conv_v4_layer2_tb.vhd
Warning: MISMATCH idx=20 got=0x24(36) exp=0x20(32)
Time: 23934125 ns  Iteration: 0  Process: /conv_v4_layer2_tb/p_stim  File: C:/project/vivado/P_30_A/sim/conv_v4_layer2_tb.vhd
Note: === RESULT: 10/1024 bytes OK, 1014 mismatches ===
Time: 23934125 ns  Iteration: 0  Process: /conv_v4_layer2_tb/p_stim  File: C:/project/vivado/P_30_A/sim/conv_v4_layer2_tb.vhd
Failure: Simulation end
Time: 23934225 ns  Iteration: 0  Process: /conv_v4_layer2_tb/p_stim  File: C:/project/vivado/P_30_A/sim/conv_v4_layer2_tb.vhd
$finish called at time : 23934225 ns : File "C:/project/vivado/P_30_A/sim/conv_v4_layer2_tb.vhd" Line 280
run: Time (s): cpu = 00:00:01 ; elapsed = 00:01:08 . Memory (MB): peak = 226.305 ; gain = 0.000
## quit
INFO: xsimkernel Simulation Memory Usage: 10652 KB (Peak: 10652 KB), Simulation CPU Usage: 65936 ms
INFO: [Common 17-206] Exiting xsim at Fri Apr 17 18:09:12 2026...
